ERROR - 2022-03-01 07:57:11 --> Cannot add or update a child row: a foreign key constraint fails (`u992803740_relixsylbd`.`tblDetallefichatecnica`, CONSTRAINT `tblDetallefichatecnica_ibfk_2` FOREIGN KEY (`idFichatecnica`) REFERENCES `tblFichatecnica` (`idFichatecnica`))
ERROR - 2022-03-01 07:57:11 --> Cannot add or update a child row: a foreign key constraint fails (`u992803740_relixsylbd`.`tblDetallefichatecnica`, CONSTRAINT `tblDetallefichatecnica_ibfk_2` FOREIGN KEY (`idFichatecnica`) REFERENCES `tblFichatecnica` (`idFichatecnica`))
ERROR - 2022-03-01 07:57:31 --> Cannot add or update a child row: a foreign key constraint fails (`u992803740_relixsylbd`.`tblDetallefichatecnica`, CONSTRAINT `tblDetallefichatecnica_ibfk_2` FOREIGN KEY (`idFichatecnica`) REFERENCES `tblFichatecnica` (`idFichatecnica`))
ERROR - 2022-03-01 07:57:31 --> Cannot add or update a child row: a foreign key constraint fails (`u992803740_relixsylbd`.`tblDetallefichatecnica`, CONSTRAINT `tblDetallefichatecnica_ibfk_2` FOREIGN KEY (`idFichatecnica`) REFERENCES `tblFichatecnica` (`idFichatecnica`))
ERROR - 2022-03-01 07:59:50 --> Cannot add or update a child row: a foreign key constraint fails (`u992803740_relixsylbd`.`tblDetallefichatecnica`, CONSTRAINT `tblDetallefichatecnica_ibfk_2` FOREIGN KEY (`idFichatecnica`) REFERENCES `tblFichatecnica` (`idFichatecnica`))
ERROR - 2022-03-01 07:59:50 --> Cannot add or update a child row: a foreign key constraint fails (`u992803740_relixsylbd`.`tblDetallefichatecnica`, CONSTRAINT `tblDetallefichatecnica_ibfk_2` FOREIGN KEY (`idFichatecnica`) REFERENCES `tblFichatecnica` (`idFichatecnica`))
ERROR - 2022-03-01 08:01:00 --> Cannot add or update a child row: a foreign key constraint fails (`u992803740_relixsylbd`.`tblDetallefichatecnica`, CONSTRAINT `tblDetallefichatecnica_ibfk_2` FOREIGN KEY (`idFichatecnica`) REFERENCES `tblFichatecnica` (`idFichatecnica`))
ERROR - 2022-03-01 08:01:00 --> Cannot add or update a child row: a foreign key constraint fails (`u992803740_relixsylbd`.`tblDetallefichatecnica`, CONSTRAINT `tblDetallefichatecnica_ibfk_2` FOREIGN KEY (`idFichatecnica`) REFERENCES `tblFichatecnica` (`idFichatecnica`))
CRITICAL - 2022-03-01 11:13:33 --> CodeIgniter\BaseModel::transformDataToArray(): Return value must be of type array, string returned
#0 C:\xampp\htdocs\relixapi\system\BaseModel.php(704): CodeIgniter\BaseModel->transformDataToArray('1', 'insert')
#1 C:\xampp\htdocs\relixapi\system\Model.php(620): CodeIgniter\BaseModel->insert('1', true)
#2 C:\xampp\htdocs\relixapi\app\Controllers\DetallefichatecnicaController.php(34): CodeIgniter\Model->insert('1')
#3 C:\xampp\htdocs\relixapi\system\CodeIgniter.php(824): App\Controllers\DetallefichatecnicaController->agregarDetalleficha()
#4 C:\xampp\htdocs\relixapi\system\CodeIgniter.php(410): CodeIgniter\CodeIgniter->runController(Object(App\Controllers\DetallefichatecnicaController))
#5 C:\xampp\htdocs\relixapi\system\CodeIgniter.php(318): CodeIgniter\CodeIgniter->handleRequest(NULL, Object(Config\Cache), false)
#6 C:\xampp\htdocs\relixapi\public\index.php(37): CodeIgniter\CodeIgniter->run()
#7 {main}
CRITICAL - 2022-03-01 11:13:39 --> CodeIgniter\BaseModel::transformDataToArray(): Return value must be of type array, string returned
#0 C:\xampp\htdocs\relixapi\system\BaseModel.php(704): CodeIgniter\BaseModel->transformDataToArray('1', 'insert')
#1 C:\xampp\htdocs\relixapi\system\Model.php(620): CodeIgniter\BaseModel->insert('1', true)
#2 C:\xampp\htdocs\relixapi\app\Controllers\DetallefichatecnicaController.php(34): CodeIgniter\Model->insert('1')
#3 C:\xampp\htdocs\relixapi\system\CodeIgniter.php(824): App\Controllers\DetallefichatecnicaController->agregarDetalleficha()
#4 C:\xampp\htdocs\relixapi\system\CodeIgniter.php(410): CodeIgniter\CodeIgniter->runController(Object(App\Controllers\DetallefichatecnicaController))
#5 C:\xampp\htdocs\relixapi\system\CodeIgniter.php(318): CodeIgniter\CodeIgniter->handleRequest(NULL, Object(Config\Cache), false)
#6 C:\xampp\htdocs\relixapi\public\index.php(37): CodeIgniter\CodeIgniter->run()
#7 {main}
CRITICAL - 2022-03-01 11:14:36 --> Object of class stdClass could not be converted to string
#0 C:\xampp\htdocs\relixapi\system\Database\Query.php(330): strtr('SELECT *\nFROM `...', Array)
#1 C:\xampp\htdocs\relixapi\system\Database\Query.php(304): CodeIgniter\Database\Query->matchNamedBinds('SELECT *\nFROM `...', Array)
#2 C:\xampp\htdocs\relixapi\system\Database\Query.php(150): CodeIgniter\Database\Query->compileBinds()
#3 C:\xampp\htdocs\relixapi\system\Database\BaseConnection.php(598): CodeIgniter\Database\Query->getQuery()
#4 C:\xampp\htdocs\relixapi\system\Database\BaseBuilder.php(1443): CodeIgniter\Database\BaseConnection->query('SELECT *\nFROM `...', Array, false)
#5 C:\xampp\htdocs\relixapi\system\Model.php(183): CodeIgniter\Database\BaseBuilder->get()
#6 C:\xampp\htdocs\relixapi\system\BaseModel.php(584): CodeIgniter\Model->doFindAll(0, 0)
#7 C:\xampp\htdocs\relixapi\app\Controllers\DetallefichatecnicaController.php(20): CodeIgniter\BaseModel->findAll()
#8 C:\xampp\htdocs\relixapi\system\CodeIgniter.php(824): App\Controllers\DetallefichatecnicaController->listarDetallefichatecnica()
#9 C:\xampp\htdocs\relixapi\system\CodeIgniter.php(410): CodeIgniter\CodeIgniter->runController(Object(App\Controllers\DetallefichatecnicaController))
#10 C:\xampp\htdocs\relixapi\system\CodeIgniter.php(318): CodeIgniter\CodeIgniter->handleRequest(NULL, Object(Config\Cache), false)
#11 C:\xampp\htdocs\relixapi\public\index.php(37): CodeIgniter\CodeIgniter->run()
#12 {main}
CRITICAL - 2022-03-01 11:14:39 --> Object of class stdClass could not be converted to string
#0 C:\xampp\htdocs\relixapi\system\Database\Query.php(330): strtr('SELECT *\nFROM `...', Array)
#1 C:\xampp\htdocs\relixapi\system\Database\Query.php(304): CodeIgniter\Database\Query->matchNamedBinds('SELECT *\nFROM `...', Array)
#2 C:\xampp\htdocs\relixapi\system\Database\Query.php(150): CodeIgniter\Database\Query->compileBinds()
#3 C:\xampp\htdocs\relixapi\system\Database\BaseConnection.php(598): CodeIgniter\Database\Query->getQuery()
#4 C:\xampp\htdocs\relixapi\system\Database\BaseBuilder.php(1443): CodeIgniter\Database\BaseConnection->query('SELECT *\nFROM `...', Array, false)
#5 C:\xampp\htdocs\relixapi\system\Model.php(183): CodeIgniter\Database\BaseBuilder->get()
#6 C:\xampp\htdocs\relixapi\system\BaseModel.php(584): CodeIgniter\Model->doFindAll(0, 0)
#7 C:\xampp\htdocs\relixapi\app\Controllers\DetallefichatecnicaController.php(20): CodeIgniter\BaseModel->findAll()
#8 C:\xampp\htdocs\relixapi\system\CodeIgniter.php(824): App\Controllers\DetallefichatecnicaController->listarDetallefichatecnica()
#9 C:\xampp\htdocs\relixapi\system\CodeIgniter.php(410): CodeIgniter\CodeIgniter->runController(Object(App\Controllers\DetallefichatecnicaController))
#10 C:\xampp\htdocs\relixapi\system\CodeIgniter.php(318): CodeIgniter\CodeIgniter->handleRequest(NULL, Object(Config\Cache), false)
#11 C:\xampp\htdocs\relixapi\public\index.php(37): CodeIgniter\CodeIgniter->run()
#12 {main}
CRITICAL - 2022-03-01 11:16:13 --> Object of class stdClass could not be converted to string
#0 C:\xampp\htdocs\relixapi\system\Database\Query.php(330): strtr('SELECT *\nFROM `...', Array)
#1 C:\xampp\htdocs\relixapi\system\Database\Query.php(304): CodeIgniter\Database\Query->matchNamedBinds('SELECT *\nFROM `...', Array)
#2 C:\xampp\htdocs\relixapi\system\Database\Query.php(150): CodeIgniter\Database\Query->compileBinds()
#3 C:\xampp\htdocs\relixapi\system\Database\BaseConnection.php(598): CodeIgniter\Database\Query->getQuery()
#4 C:\xampp\htdocs\relixapi\system\Database\BaseBuilder.php(1443): CodeIgniter\Database\BaseConnection->query('SELECT *\nFROM `...', Array, false)
#5 C:\xampp\htdocs\relixapi\app\Models\DetallefichatecnicaModel.php(57): CodeIgniter\Database\BaseBuilder->get()
#6 C:\xampp\htdocs\relixapi\app\Controllers\DetallefichatecnicaController.php(20): App\Models\DetallefichatecnicaModel->obtenerDetallefichatecnica(Object(stdClass))
#7 C:\xampp\htdocs\relixapi\system\CodeIgniter.php(824): App\Controllers\DetallefichatecnicaController->listarDetallefichatecnica()
#8 C:\xampp\htdocs\relixapi\system\CodeIgniter.php(410): CodeIgniter\CodeIgniter->runController(Object(App\Controllers\DetallefichatecnicaController))
#9 C:\xampp\htdocs\relixapi\system\CodeIgniter.php(318): CodeIgniter\CodeIgniter->handleRequest(NULL, Object(Config\Cache), false)
#10 C:\xampp\htdocs\relixapi\public\index.php(37): CodeIgniter\CodeIgniter->run()
#11 {main}
CRITICAL - 2022-03-01 11:16:35 --> Object of class stdClass could not be converted to string
#0 C:\xampp\htdocs\relixapi\system\Database\Query.php(330): strtr('SELECT *\nFROM `...', Array)
#1 C:\xampp\htdocs\relixapi\system\Database\Query.php(304): CodeIgniter\Database\Query->matchNamedBinds('SELECT *\nFROM `...', Array)
#2 C:\xampp\htdocs\relixapi\system\Database\Query.php(150): CodeIgniter\Database\Query->compileBinds()
#3 C:\xampp\htdocs\relixapi\system\Database\BaseConnection.php(598): CodeIgniter\Database\Query->getQuery()
#4 C:\xampp\htdocs\relixapi\system\Database\BaseBuilder.php(1443): CodeIgniter\Database\BaseConnection->query('SELECT *\nFROM `...', Array, false)
#5 C:\xampp\htdocs\relixapi\app\Models\DetallefichatecnicaModel.php(57): CodeIgniter\Database\BaseBuilder->get()
#6 C:\xampp\htdocs\relixapi\app\Controllers\DetallefichatecnicaController.php(20): App\Models\DetallefichatecnicaModel->obtenerDetallefichatecnica(Object(stdClass))
#7 C:\xampp\htdocs\relixapi\system\CodeIgniter.php(824): App\Controllers\DetallefichatecnicaController->listarDetallefichatecnica()
#8 C:\xampp\htdocs\relixapi\system\CodeIgniter.php(410): CodeIgniter\CodeIgniter->runController(Object(App\Controllers\DetallefichatecnicaController))
#9 C:\xampp\htdocs\relixapi\system\CodeIgniter.php(318): CodeIgniter\CodeIgniter->handleRequest(NULL, Object(Config\Cache), false)
#10 C:\xampp\htdocs\relixapi\public\index.php(37): CodeIgniter\CodeIgniter->run()
#11 {main}
CRITICAL - 2022-03-01 11:20:29 --> Object of class stdClass could not be converted to string
#0 C:\xampp\htdocs\relixapi\system\Database\Query.php(330): strtr('SELECT *\nFROM `...', Array)
#1 C:\xampp\htdocs\relixapi\system\Database\Query.php(304): CodeIgniter\Database\Query->matchNamedBinds('SELECT *\nFROM `...', Array)
#2 C:\xampp\htdocs\relixapi\system\Database\Query.php(150): CodeIgniter\Database\Query->compileBinds()
#3 C:\xampp\htdocs\relixapi\system\Database\BaseConnection.php(598): CodeIgniter\Database\Query->getQuery()
#4 C:\xampp\htdocs\relixapi\system\Database\BaseBuilder.php(1443): CodeIgniter\Database\BaseConnection->query('SELECT *\nFROM `...', Array, false)
#5 C:\xampp\htdocs\relixapi\app\Models\DetallefichatecnicaModel.php(58): CodeIgniter\Database\BaseBuilder->get()
#6 C:\xampp\htdocs\relixapi\app\Controllers\DetallefichatecnicaController.php(20): App\Models\DetallefichatecnicaModel->obtenerDetallefichatecnica(Object(stdClass))
#7 C:\xampp\htdocs\relixapi\system\CodeIgniter.php(824): App\Controllers\DetallefichatecnicaController->listarDetallefichatecnica()
#8 C:\xampp\htdocs\relixapi\system\CodeIgniter.php(410): CodeIgniter\CodeIgniter->runController(Object(App\Controllers\DetallefichatecnicaController))
#9 C:\xampp\htdocs\relixapi\system\CodeIgniter.php(318): CodeIgniter\CodeIgniter->handleRequest(NULL, Object(Config\Cache), false)
#10 C:\xampp\htdocs\relixapi\public\index.php(37): CodeIgniter\CodeIgniter->run()
#11 {main}
CRITICAL - 2022-03-01 13:44:49 --> Undefined property: stdClass::$idFichatecna
#0 C:\xampp\htdocs\relixapi\app\Controllers\DetallefichatecnicaController.php(20): CodeIgniter\Debug\Exceptions->errorHandler(2, 'Undefined prope...', 'C:\\xampp\\htdocs...', 20)
#1 C:\xampp\htdocs\relixapi\system\CodeIgniter.php(824): App\Controllers\DetallefichatecnicaController->listarDetallefichatecnica()
#2 C:\xampp\htdocs\relixapi\system\CodeIgniter.php(410): CodeIgniter\CodeIgniter->runController(Object(App\Controllers\DetallefichatecnicaController))
#3 C:\xampp\htdocs\relixapi\system\CodeIgniter.php(318): CodeIgniter\CodeIgniter->handleRequest(NULL, Object(Config\Cache), false)
#4 C:\xampp\htdocs\relixapi\public\index.php(37): CodeIgniter\CodeIgniter->run()
#5 {main}
CRITICAL - 2022-03-01 22:09:14 --> Cannot use object of type stdClass as array
#0 C:\xampp\htdocs\relixapi\system\CodeIgniter.php(824): App\Controllers\DetallefichatecnicaController->agregarDetalleficha()
#1 C:\xampp\htdocs\relixapi\system\CodeIgniter.php(410): CodeIgniter\CodeIgniter->runController(Object(App\Controllers\DetallefichatecnicaController))
#2 C:\xampp\htdocs\relixapi\system\CodeIgniter.php(318): CodeIgniter\CodeIgniter->handleRequest(NULL, Object(Config\Cache), false)
#3 C:\xampp\htdocs\relixapi\public\index.php(37): CodeIgniter\CodeIgniter->run()
#4 {main}
CRITICAL - 2022-03-01 22:09:16 --> Cannot use object of type stdClass as array
#0 C:\xampp\htdocs\relixapi\system\CodeIgniter.php(824): App\Controllers\DetallefichatecnicaController->agregarDetalleficha()
#1 C:\xampp\htdocs\relixapi\system\CodeIgniter.php(410): CodeIgniter\CodeIgniter->runController(Object(App\Controllers\DetallefichatecnicaController))
#2 C:\xampp\htdocs\relixapi\system\CodeIgniter.php(318): CodeIgniter\CodeIgniter->handleRequest(NULL, Object(Config\Cache), false)
#3 C:\xampp\htdocs\relixapi\public\index.php(37): CodeIgniter\CodeIgniter->run()
#4 {main}
