ERROR - 2022-02-15 14:45:21 --> Unknown column 'tblDepartamento.deleted_at' in 'where clause'
CRITICAL - 2022-02-15 14:45:21 --> Call to a member function getResult() on bool
#0 C:\xampp\htdocs\relixapi\system\BaseModel.php(584): CodeIgniter\Model->doFindAll(0, 0)
#1 C:\xampp\htdocs\relixapi\app\Controllers\DepartamentoController.php(15): CodeIgniter\BaseModel->findAll()
#2 C:\xampp\htdocs\relixapi\system\CodeIgniter.php(824): App\Controllers\DepartamentoController->listarDepartamentos()
#3 C:\xampp\htdocs\relixapi\system\CodeIgniter.php(410): CodeIgniter\CodeIgniter->runController(Object(App\Controllers\DepartamentoController))
#4 C:\xampp\htdocs\relixapi\system\CodeIgniter.php(318): CodeIgniter\CodeIgniter->handleRequest(NULL, Object(Config\Cache), false)
#5 C:\xampp\htdocs\relixapi\public\index.php(37): CodeIgniter\CodeIgniter->run()
#6 {main}
ERROR - 2022-02-15 14:46:20 --> Unknown column 'tblDepartamento.deleted_at' in 'where clause'
CRITICAL - 2022-02-15 14:46:20 --> Call to a member function getResult() on bool
#0 C:\xampp\htdocs\relixapi\system\BaseModel.php(584): CodeIgniter\Model->doFindAll(0, 0)
#1 C:\xampp\htdocs\relixapi\app\Controllers\DepartamentoController.php(15): CodeIgniter\BaseModel->findAll()
#2 C:\xampp\htdocs\relixapi\system\CodeIgniter.php(824): App\Controllers\DepartamentoController->listarDepartamentos()
#3 C:\xampp\htdocs\relixapi\system\CodeIgniter.php(410): CodeIgniter\CodeIgniter->runController(Object(App\Controllers\DepartamentoController))
#4 C:\xampp\htdocs\relixapi\system\CodeIgniter.php(318): CodeIgniter\CodeIgniter->handleRequest(NULL, Object(Config\Cache), false)
#5 C:\xampp\htdocs\relixapi\public\index.php(37): CodeIgniter\CodeIgniter->run()
#6 {main}
ERROR - 2022-02-15 14:47:31 --> Unknown column 'tblDepartamento.deleted_at' in 'where clause'
CRITICAL - 2022-02-15 14:47:31 --> Call to a member function getResult() on bool
#0 C:\xampp\htdocs\relixapi\system\BaseModel.php(584): CodeIgniter\Model->doFindAll(0, 0)
#1 C:\xampp\htdocs\relixapi\app\Controllers\DepartamentoController.php(15): CodeIgniter\BaseModel->findAll()
#2 C:\xampp\htdocs\relixapi\system\CodeIgniter.php(824): App\Controllers\DepartamentoController->listarDepartamentos()
#3 C:\xampp\htdocs\relixapi\system\CodeIgniter.php(410): CodeIgniter\CodeIgniter->runController(Object(App\Controllers\DepartamentoController))
#4 C:\xampp\htdocs\relixapi\system\CodeIgniter.php(318): CodeIgniter\CodeIgniter->handleRequest(NULL, Object(Config\Cache), false)
#5 C:\xampp\htdocs\relixapi\public\index.php(37): CodeIgniter\CodeIgniter->run()
#6 {main}
ERROR - 2022-02-15 16:59:19 --> Unknown column 'tblProvincia.deleted_at' in 'where clause'
CRITICAL - 2022-02-15 16:59:19 --> Call to a member function getFirstRow() on bool
#0 C:\xampp\htdocs\relixapi\system\BaseModel.php(622): CodeIgniter\Model->doFirst()
#1 C:\xampp\htdocs\relixapi\app\Controllers\ProvinciaController.php(20): CodeIgniter\BaseModel->first()
#2 C:\xampp\htdocs\relixapi\system\CodeIgniter.php(824): App\Controllers\ProvinciaController->listarProvincias()
#3 C:\xampp\htdocs\relixapi\system\CodeIgniter.php(410): CodeIgniter\CodeIgniter->runController(Object(App\Controllers\ProvinciaController))
#4 C:\xampp\htdocs\relixapi\system\CodeIgniter.php(318): CodeIgniter\CodeIgniter->handleRequest(NULL, Object(Config\Cache), false)
#5 C:\xampp\htdocs\relixapi\public\index.php(37): CodeIgniter\CodeIgniter->run()
#6 {main}
ERROR - 2022-02-15 16:59:24 --> Unknown column 'tblProvincia.deleted_at' in 'where clause'
CRITICAL - 2022-02-15 16:59:24 --> Call to a member function getFirstRow() on bool
#0 C:\xampp\htdocs\relixapi\system\BaseModel.php(622): CodeIgniter\Model->doFirst()
#1 C:\xampp\htdocs\relixapi\app\Controllers\ProvinciaController.php(20): CodeIgniter\BaseModel->first()
#2 C:\xampp\htdocs\relixapi\system\CodeIgniter.php(824): App\Controllers\ProvinciaController->listarProvincias()
#3 C:\xampp\htdocs\relixapi\system\CodeIgniter.php(410): CodeIgniter\CodeIgniter->runController(Object(App\Controllers\ProvinciaController))
#4 C:\xampp\htdocs\relixapi\system\CodeIgniter.php(318): CodeIgniter\CodeIgniter->handleRequest(NULL, Object(Config\Cache), false)
#5 C:\xampp\htdocs\relixapi\public\index.php(37): CodeIgniter\CodeIgniter->run()
#6 {main}
ERROR - 2022-02-15 16:59:58 --> Unknown column 'tblProvincia.deleted_at' in 'where clause'
CRITICAL - 2022-02-15 16:59:58 --> Call to a member function getFirstRow() on bool
#0 C:\xampp\htdocs\relixapi\system\BaseModel.php(622): CodeIgniter\Model->doFirst()
#1 C:\xampp\htdocs\relixapi\app\Controllers\ProvinciaController.php(20): CodeIgniter\BaseModel->first()
#2 C:\xampp\htdocs\relixapi\system\CodeIgniter.php(824): App\Controllers\ProvinciaController->listarProvincias()
#3 C:\xampp\htdocs\relixapi\system\CodeIgniter.php(410): CodeIgniter\CodeIgniter->runController(Object(App\Controllers\ProvinciaController))
#4 C:\xampp\htdocs\relixapi\system\CodeIgniter.php(318): CodeIgniter\CodeIgniter->handleRequest(NULL, Object(Config\Cache), false)
#5 C:\xampp\htdocs\relixapi\public\index.php(37): CodeIgniter\CodeIgniter->run()
#6 {main}
CRITICAL - 2022-02-15 17:05:07 --> Call to undefined method App\Models\ProvinciaModel::finAll
#0 C:\xampp\htdocs\relixapi\app\Controllers\ProvinciaController.php(23): CodeIgniter\Model->__call('finAll', Array)
#1 C:\xampp\htdocs\relixapi\system\CodeIgniter.php(824): App\Controllers\ProvinciaController->listarProvincias()
#2 C:\xampp\htdocs\relixapi\system\CodeIgniter.php(410): CodeIgniter\CodeIgniter->runController(Object(App\Controllers\ProvinciaController))
#3 C:\xampp\htdocs\relixapi\system\CodeIgniter.php(318): CodeIgniter\CodeIgniter->handleRequest(NULL, Object(Config\Cache), false)
#4 C:\xampp\htdocs\relixapi\public\index.php(37): CodeIgniter\CodeIgniter->run()
#5 {main}
CRITICAL - 2022-02-15 17:37:45 --> Call to undefined method App\Models\ProvinciaModel::finAll
#0 C:\xampp\htdocs\relixapi\app\Controllers\ProvinciaController.php(23): CodeIgniter\Model->__call('finAll', Array)
#1 C:\xampp\htdocs\relixapi\system\CodeIgniter.php(824): App\Controllers\ProvinciaController->listarProvincias()
#2 C:\xampp\htdocs\relixapi\system\CodeIgniter.php(410): CodeIgniter\CodeIgniter->runController(Object(App\Controllers\ProvinciaController))
#3 C:\xampp\htdocs\relixapi\system\CodeIgniter.php(318): CodeIgniter\CodeIgniter->handleRequest(NULL, Object(Config\Cache), false)
#4 C:\xampp\htdocs\relixapi\public\index.php(37): CodeIgniter\CodeIgniter->run()
#5 {main}
CRITICAL - 2022-02-15 17:37:57 --> Call to undefined method App\Models\ProvinciaModel::finAll
#0 C:\xampp\htdocs\relixapi\app\Controllers\ProvinciaController.php(23): CodeIgniter\Model->__call('finAll', Array)
#1 C:\xampp\htdocs\relixapi\system\CodeIgniter.php(824): App\Controllers\ProvinciaController->listarProvincias()
#2 C:\xampp\htdocs\relixapi\system\CodeIgniter.php(410): CodeIgniter\CodeIgniter->runController(Object(App\Controllers\ProvinciaController))
#3 C:\xampp\htdocs\relixapi\system\CodeIgniter.php(318): CodeIgniter\CodeIgniter->handleRequest(NULL, Object(Config\Cache), false)
#4 C:\xampp\htdocs\relixapi\public\index.php(37): CodeIgniter\CodeIgniter->run()
#5 {main}
ERROR - 2022-02-15 17:39:16 --> Unknown column 'tblProvincia.deleted_at' in 'where clause'
CRITICAL - 2022-02-15 17:39:16 --> Call to a member function getResult() on bool
#0 C:\xampp\htdocs\relixapi\system\BaseModel.php(584): CodeIgniter\Model->doFindAll(0, 0)
#1 C:\xampp\htdocs\relixapi\app\Controllers\ProvinciaController.php(23): CodeIgniter\BaseModel->findAll()
#2 C:\xampp\htdocs\relixapi\system\CodeIgniter.php(824): App\Controllers\ProvinciaController->listarProvincias()
#3 C:\xampp\htdocs\relixapi\system\CodeIgniter.php(410): CodeIgniter\CodeIgniter->runController(Object(App\Controllers\ProvinciaController))
#4 C:\xampp\htdocs\relixapi\system\CodeIgniter.php(318): CodeIgniter\CodeIgniter->handleRequest(NULL, Object(Config\Cache), false)
#5 C:\xampp\htdocs\relixapi\public\index.php(37): CodeIgniter\CodeIgniter->run()
#6 {main}
ERROR - 2022-02-15 17:39:18 --> Unknown column 'tblProvincia.deleted_at' in 'where clause'
CRITICAL - 2022-02-15 17:39:18 --> Call to a member function getResult() on bool
#0 C:\xampp\htdocs\relixapi\system\BaseModel.php(584): CodeIgniter\Model->doFindAll(0, 0)
#1 C:\xampp\htdocs\relixapi\app\Controllers\ProvinciaController.php(23): CodeIgniter\BaseModel->findAll()
#2 C:\xampp\htdocs\relixapi\system\CodeIgniter.php(824): App\Controllers\ProvinciaController->listarProvincias()
#3 C:\xampp\htdocs\relixapi\system\CodeIgniter.php(410): CodeIgniter\CodeIgniter->runController(Object(App\Controllers\ProvinciaController))
#4 C:\xampp\htdocs\relixapi\system\CodeIgniter.php(318): CodeIgniter\CodeIgniter->handleRequest(NULL, Object(Config\Cache), false)
#5 C:\xampp\htdocs\relixapi\public\index.php(37): CodeIgniter\CodeIgniter->run()
#6 {main}
ERROR - 2022-02-15 17:40:04 --> Unknown column 'tblProvincia.deleted_at' in 'where clause'
CRITICAL - 2022-02-15 17:40:04 --> Call to a member function getResult() on bool
#0 C:\xampp\htdocs\relixapi\system\BaseModel.php(584): CodeIgniter\Model->doFindAll(0, 0)
#1 C:\xampp\htdocs\relixapi\app\Controllers\ProvinciaController.php(23): CodeIgniter\BaseModel->findAll()
#2 C:\xampp\htdocs\relixapi\system\CodeIgniter.php(824): App\Controllers\ProvinciaController->listarProvincias()
#3 C:\xampp\htdocs\relixapi\system\CodeIgniter.php(410): CodeIgniter\CodeIgniter->runController(Object(App\Controllers\ProvinciaController))
#4 C:\xampp\htdocs\relixapi\system\CodeIgniter.php(318): CodeIgniter\CodeIgniter->handleRequest(NULL, Object(Config\Cache), false)
#5 C:\xampp\htdocs\relixapi\public\index.php(37): CodeIgniter\CodeIgniter->run()
#6 {main}
ERROR - 2022-02-15 17:40:53 --> Unknown column 'tblProvincia.deleted_at' in 'where clause'
CRITICAL - 2022-02-15 17:40:53 --> Call to a member function getResult() on bool
#0 C:\xampp\htdocs\relixapi\system\BaseModel.php(584): CodeIgniter\Model->doFindAll(0, 0)
#1 C:\xampp\htdocs\relixapi\app\Controllers\ProvinciaController.php(23): CodeIgniter\BaseModel->findAll()
#2 C:\xampp\htdocs\relixapi\system\CodeIgniter.php(824): App\Controllers\ProvinciaController->listarProvincias()
#3 C:\xampp\htdocs\relixapi\system\CodeIgniter.php(410): CodeIgniter\CodeIgniter->runController(Object(App\Controllers\ProvinciaController))
#4 C:\xampp\htdocs\relixapi\system\CodeIgniter.php(318): CodeIgniter\CodeIgniter->handleRequest(NULL, Object(Config\Cache), false)
#5 C:\xampp\htdocs\relixapi\public\index.php(37): CodeIgniter\CodeIgniter->run()
#6 {main}
ERROR - 2022-02-15 17:40:55 --> Unknown column 'tblProvincia.deleted_at' in 'where clause'
CRITICAL - 2022-02-15 17:40:55 --> Call to a member function getResult() on bool
#0 C:\xampp\htdocs\relixapi\system\BaseModel.php(584): CodeIgniter\Model->doFindAll(0, 0)
#1 C:\xampp\htdocs\relixapi\app\Controllers\ProvinciaController.php(23): CodeIgniter\BaseModel->findAll()
#2 C:\xampp\htdocs\relixapi\system\CodeIgniter.php(824): App\Controllers\ProvinciaController->listarProvincias()
#3 C:\xampp\htdocs\relixapi\system\CodeIgniter.php(410): CodeIgniter\CodeIgniter->runController(Object(App\Controllers\ProvinciaController))
#4 C:\xampp\htdocs\relixapi\system\CodeIgniter.php(318): CodeIgniter\CodeIgniter->handleRequest(NULL, Object(Config\Cache), false)
#5 C:\xampp\htdocs\relixapi\public\index.php(37): CodeIgniter\CodeIgniter->run()
#6 {main}
CRITICAL - 2022-02-15 19:21:42 --> Undefined property: stdClass::$idProvincia
#0 C:\xampp\htdocs\relixapi\app\Controllers\DistritoController.php(21): CodeIgniter\Debug\Exceptions->errorHandler(2, 'Undefined prope...', 'C:\\xampp\\htdocs...', 21)
#1 C:\xampp\htdocs\relixapi\system\CodeIgniter.php(824): App\Controllers\DistritoController->listarDistritos()
#2 C:\xampp\htdocs\relixapi\system\CodeIgniter.php(410): CodeIgniter\CodeIgniter->runController(Object(App\Controllers\DistritoController))
#3 C:\xampp\htdocs\relixapi\system\CodeIgniter.php(318): CodeIgniter\CodeIgniter->handleRequest(NULL, Object(Config\Cache), false)
#4 C:\xampp\htdocs\relixapi\public\index.php(37): CodeIgniter\CodeIgniter->run()
#5 {main}
CRITICAL - 2022-02-15 19:21:49 --> Undefined property: stdClass::$idProvincia
#0 C:\xampp\htdocs\relixapi\app\Controllers\DistritoController.php(21): CodeIgniter\Debug\Exceptions->errorHandler(2, 'Undefined prope...', 'C:\\xampp\\htdocs...', 21)
#1 C:\xampp\htdocs\relixapi\system\CodeIgniter.php(824): App\Controllers\DistritoController->listarDistritos()
#2 C:\xampp\htdocs\relixapi\system\CodeIgniter.php(410): CodeIgniter\CodeIgniter->runController(Object(App\Controllers\DistritoController))
#3 C:\xampp\htdocs\relixapi\system\CodeIgniter.php(318): CodeIgniter\CodeIgniter->handleRequest(NULL, Object(Config\Cache), false)
#4 C:\xampp\htdocs\relixapi\public\index.php(37): CodeIgniter\CodeIgniter->run()
#5 {main}
ERROR - 2022-02-15 20:28:12 --> Unknown column 'tblVendedor.deleted_at' in 'where clause'
CRITICAL - 2022-02-15 20:28:12 --> Call to a member function getResult() on bool
#0 C:\xampp\htdocs\relixapi\system\BaseModel.php(584): CodeIgniter\Model->doFindAll(0, 0)
#1 C:\xampp\htdocs\relixapi\app\Controllers\VendedorController.php(14): CodeIgniter\BaseModel->findAll()
#2 C:\xampp\htdocs\relixapi\system\CodeIgniter.php(824): App\Controllers\VendedorController->listarVendedores()
#3 C:\xampp\htdocs\relixapi\system\CodeIgniter.php(410): CodeIgniter\CodeIgniter->runController(Object(App\Controllers\VendedorController))
#4 C:\xampp\htdocs\relixapi\system\CodeIgniter.php(318): CodeIgniter\CodeIgniter->handleRequest(NULL, Object(Config\Cache), false)
#5 C:\xampp\htdocs\relixapi\public\index.php(37): CodeIgniter\CodeIgniter->run()
#6 {main}
