CRITICAL - 2021-12-24 15:56:03 --> Array to string conversion
#0 C:\xampp\htdocs\relixapi\app\Controllers\SendEmail.php(50): CodeIgniter\Debug\Exceptions->errorHandler(2, 'Array to string...', 'C:\\xampp\\htdocs...', 50)
#1 C:\xampp\htdocs\relixapi\system\CodeIgniter.php(824): App\Controllers\sendEmail->enviarcodigoClave()
#2 C:\xampp\htdocs\relixapi\system\CodeIgniter.php(410): CodeIgniter\CodeIgniter->runController(Object(App\Controllers\sendEmail))
#3 C:\xampp\htdocs\relixapi\system\CodeIgniter.php(318): CodeIgniter\CodeIgniter->handleRequest(NULL, Object(Config\Cache), false)
#4 C:\xampp\htdocs\relixapi\public\index.php(37): CodeIgniter\CodeIgniter->run()
#5 {main}
CRITICAL - 2021-12-24 15:56:04 --> Array to string conversion
#0 C:\xampp\htdocs\relixapi\app\Controllers\SendEmail.php(50): CodeIgniter\Debug\Exceptions->errorHandler(2, 'Array to string...', 'C:\\xampp\\htdocs...', 50)
#1 C:\xampp\htdocs\relixapi\system\CodeIgniter.php(824): App\Controllers\sendEmail->enviarcodigoClave()
#2 C:\xampp\htdocs\relixapi\system\CodeIgniter.php(410): CodeIgniter\CodeIgniter->runController(Object(App\Controllers\sendEmail))
#3 C:\xampp\htdocs\relixapi\system\CodeIgniter.php(318): CodeIgniter\CodeIgniter->handleRequest(NULL, Object(Config\Cache), false)
#4 C:\xampp\htdocs\relixapi\public\index.php(37): CodeIgniter\CodeIgniter->run()
#5 {main}
CRITICAL - 2021-12-24 16:19:24 --> Array to string conversion
#0 C:\xampp\htdocs\relixapi\app\Controllers\SendEmail.php(58): CodeIgniter\Debug\Exceptions->errorHandler(2, 'Array to string...', 'C:\\xampp\\htdocs...', 58)
#1 C:\xampp\htdocs\relixapi\system\CodeIgniter.php(824): App\Controllers\sendEmail->enviarcodigoClave()
#2 C:\xampp\htdocs\relixapi\system\CodeIgniter.php(410): CodeIgniter\CodeIgniter->runController(Object(App\Controllers\sendEmail))
#3 C:\xampp\htdocs\relixapi\system\CodeIgniter.php(318): CodeIgniter\CodeIgniter->handleRequest(NULL, Object(Config\Cache), false)
#4 C:\xampp\htdocs\relixapi\public\index.php(37): CodeIgniter\CodeIgniter->run()
#5 {main}
CRITICAL - 2021-12-24 16:19:26 --> Array to string conversion
#0 C:\xampp\htdocs\relixapi\app\Controllers\SendEmail.php(58): CodeIgniter\Debug\Exceptions->errorHandler(2, 'Array to string...', 'C:\\xampp\\htdocs...', 58)
#1 C:\xampp\htdocs\relixapi\system\CodeIgniter.php(824): App\Controllers\sendEmail->enviarcodigoClave()
#2 C:\xampp\htdocs\relixapi\system\CodeIgniter.php(410): CodeIgniter\CodeIgniter->runController(Object(App\Controllers\sendEmail))
#3 C:\xampp\htdocs\relixapi\system\CodeIgniter.php(318): CodeIgniter\CodeIgniter->handleRequest(NULL, Object(Config\Cache), false)
#4 C:\xampp\htdocs\relixapi\public\index.php(37): CodeIgniter\CodeIgniter->run()
#5 {main}
CRITICAL - 2021-12-24 16:19:56 --> Array to string conversion
#0 C:\xampp\htdocs\relixapi\app\Controllers\SendEmail.php(58): CodeIgniter\Debug\Exceptions->errorHandler(2, 'Array to string...', 'C:\\xampp\\htdocs...', 58)
#1 C:\xampp\htdocs\relixapi\system\CodeIgniter.php(824): App\Controllers\sendEmail->enviarcodigoClave()
#2 C:\xampp\htdocs\relixapi\system\CodeIgniter.php(410): CodeIgniter\CodeIgniter->runController(Object(App\Controllers\sendEmail))
#3 C:\xampp\htdocs\relixapi\system\CodeIgniter.php(318): CodeIgniter\CodeIgniter->handleRequest(NULL, Object(Config\Cache), false)
#4 C:\xampp\htdocs\relixapi\public\index.php(37): CodeIgniter\CodeIgniter->run()
#5 {main}
CRITICAL - 2021-12-24 16:28:16 --> Object of class stdClass could not be converted to string
#0 C:\xampp\htdocs\relixapi\system\Database\Query.php(330): strtr('SELECT *\nFROM `...', Array)
#1 C:\xampp\htdocs\relixapi\system\Database\Query.php(304): CodeIgniter\Database\Query->matchNamedBinds('SELECT *\nFROM `...', Array)
#2 C:\xampp\htdocs\relixapi\system\Database\Query.php(150): CodeIgniter\Database\Query->compileBinds()
#3 C:\xampp\htdocs\relixapi\system\Database\BaseConnection.php(598): CodeIgniter\Database\Query->getQuery()
#4 C:\xampp\htdocs\relixapi\system\Database\BaseBuilder.php(1443): CodeIgniter\Database\BaseConnection->query('SELECT *\nFROM `...', Array, false)
#5 C:\xampp\htdocs\relixapi\system\Model.php(183): CodeIgniter\Database\BaseBuilder->get()
#6 C:\xampp\htdocs\relixapi\system\BaseModel.php(584): CodeIgniter\Model->doFindAll(0, 0)
#7 C:\xampp\htdocs\relixapi\app\Controllers\SendEmail.php(56): CodeIgniter\BaseModel->findAll()
#8 C:\xampp\htdocs\relixapi\system\CodeIgniter.php(824): App\Controllers\sendEmail->enviarcodigoClave()
#9 C:\xampp\htdocs\relixapi\system\CodeIgniter.php(410): CodeIgniter\CodeIgniter->runController(Object(App\Controllers\sendEmail))
#10 C:\xampp\htdocs\relixapi\system\CodeIgniter.php(318): CodeIgniter\CodeIgniter->handleRequest(NULL, Object(Config\Cache), false)
#11 C:\xampp\htdocs\relixapi\public\index.php(37): CodeIgniter\CodeIgniter->run()
#12 {main}
CRITICAL - 2021-12-24 16:28:18 --> Object of class stdClass could not be converted to string
#0 C:\xampp\htdocs\relixapi\system\Database\Query.php(330): strtr('SELECT *\nFROM `...', Array)
#1 C:\xampp\htdocs\relixapi\system\Database\Query.php(304): CodeIgniter\Database\Query->matchNamedBinds('SELECT *\nFROM `...', Array)
#2 C:\xampp\htdocs\relixapi\system\Database\Query.php(150): CodeIgniter\Database\Query->compileBinds()
#3 C:\xampp\htdocs\relixapi\system\Database\BaseConnection.php(598): CodeIgniter\Database\Query->getQuery()
#4 C:\xampp\htdocs\relixapi\system\Database\BaseBuilder.php(1443): CodeIgniter\Database\BaseConnection->query('SELECT *\nFROM `...', Array, false)
#5 C:\xampp\htdocs\relixapi\system\Model.php(183): CodeIgniter\Database\BaseBuilder->get()
#6 C:\xampp\htdocs\relixapi\system\BaseModel.php(584): CodeIgniter\Model->doFindAll(0, 0)
#7 C:\xampp\htdocs\relixapi\app\Controllers\SendEmail.php(56): CodeIgniter\BaseModel->findAll()
#8 C:\xampp\htdocs\relixapi\system\CodeIgniter.php(824): App\Controllers\sendEmail->enviarcodigoClave()
#9 C:\xampp\htdocs\relixapi\system\CodeIgniter.php(410): CodeIgniter\CodeIgniter->runController(Object(App\Controllers\sendEmail))
#10 C:\xampp\htdocs\relixapi\system\CodeIgniter.php(318): CodeIgniter\CodeIgniter->handleRequest(NULL, Object(Config\Cache), false)
#11 C:\xampp\htdocs\relixapi\public\index.php(37): CodeIgniter\CodeIgniter->run()
#12 {main}
CRITICAL - 2021-12-24 16:28:26 --> Object of class stdClass could not be converted to string
#0 C:\xampp\htdocs\relixapi\system\Database\Query.php(330): strtr('SELECT *\nFROM `...', Array)
#1 C:\xampp\htdocs\relixapi\system\Database\Query.php(304): CodeIgniter\Database\Query->matchNamedBinds('SELECT *\nFROM `...', Array)
#2 C:\xampp\htdocs\relixapi\system\Database\Query.php(150): CodeIgniter\Database\Query->compileBinds()
#3 C:\xampp\htdocs\relixapi\system\Database\BaseConnection.php(598): CodeIgniter\Database\Query->getQuery()
#4 C:\xampp\htdocs\relixapi\system\Database\BaseBuilder.php(1443): CodeIgniter\Database\BaseConnection->query('SELECT *\nFROM `...', Array, false)
#5 C:\xampp\htdocs\relixapi\system\Model.php(183): CodeIgniter\Database\BaseBuilder->get()
#6 C:\xampp\htdocs\relixapi\system\BaseModel.php(584): CodeIgniter\Model->doFindAll(0, 0)
#7 C:\xampp\htdocs\relixapi\app\Controllers\SendEmail.php(56): CodeIgniter\BaseModel->findAll()
#8 C:\xampp\htdocs\relixapi\system\CodeIgniter.php(824): App\Controllers\sendEmail->enviarcodigoClave()
#9 C:\xampp\htdocs\relixapi\system\CodeIgniter.php(410): CodeIgniter\CodeIgniter->runController(Object(App\Controllers\sendEmail))
#10 C:\xampp\htdocs\relixapi\system\CodeIgniter.php(318): CodeIgniter\CodeIgniter->handleRequest(NULL, Object(Config\Cache), false)
#11 C:\xampp\htdocs\relixapi\public\index.php(37): CodeIgniter\CodeIgniter->run()
#12 {main}
CRITICAL - 2021-12-24 16:28:28 --> Object of class stdClass could not be converted to string
#0 C:\xampp\htdocs\relixapi\system\Database\Query.php(330): strtr('SELECT *\nFROM `...', Array)
#1 C:\xampp\htdocs\relixapi\system\Database\Query.php(304): CodeIgniter\Database\Query->matchNamedBinds('SELECT *\nFROM `...', Array)
#2 C:\xampp\htdocs\relixapi\system\Database\Query.php(150): CodeIgniter\Database\Query->compileBinds()
#3 C:\xampp\htdocs\relixapi\system\Database\BaseConnection.php(598): CodeIgniter\Database\Query->getQuery()
#4 C:\xampp\htdocs\relixapi\system\Database\BaseBuilder.php(1443): CodeIgniter\Database\BaseConnection->query('SELECT *\nFROM `...', Array, false)
#5 C:\xampp\htdocs\relixapi\system\Model.php(183): CodeIgniter\Database\BaseBuilder->get()
#6 C:\xampp\htdocs\relixapi\system\BaseModel.php(584): CodeIgniter\Model->doFindAll(0, 0)
#7 C:\xampp\htdocs\relixapi\app\Controllers\SendEmail.php(56): CodeIgniter\BaseModel->findAll()
#8 C:\xampp\htdocs\relixapi\system\CodeIgniter.php(824): App\Controllers\sendEmail->enviarcodigoClave()
#9 C:\xampp\htdocs\relixapi\system\CodeIgniter.php(410): CodeIgniter\CodeIgniter->runController(Object(App\Controllers\sendEmail))
#10 C:\xampp\htdocs\relixapi\system\CodeIgniter.php(318): CodeIgniter\CodeIgniter->handleRequest(NULL, Object(Config\Cache), false)
#11 C:\xampp\htdocs\relixapi\public\index.php(37): CodeIgniter\CodeIgniter->run()
#12 {main}
CRITICAL - 2021-12-24 16:28:58 --> Object of class stdClass could not be converted to string
#0 C:\xampp\htdocs\relixapi\system\CodeIgniter.php(824): App\Controllers\sendEmail->enviarcodigoClave()
#1 C:\xampp\htdocs\relixapi\system\CodeIgniter.php(410): CodeIgniter\CodeIgniter->runController(Object(App\Controllers\sendEmail))
#2 C:\xampp\htdocs\relixapi\system\CodeIgniter.php(318): CodeIgniter\CodeIgniter->handleRequest(NULL, Object(Config\Cache), false)
#3 C:\xampp\htdocs\relixapi\public\index.php(37): CodeIgniter\CodeIgniter->run()
#4 {main}
CRITICAL - 2021-12-24 16:28:59 --> Object of class stdClass could not be converted to string
#0 C:\xampp\htdocs\relixapi\system\CodeIgniter.php(824): App\Controllers\sendEmail->enviarcodigoClave()
#1 C:\xampp\htdocs\relixapi\system\CodeIgniter.php(410): CodeIgniter\CodeIgniter->runController(Object(App\Controllers\sendEmail))
#2 C:\xampp\htdocs\relixapi\system\CodeIgniter.php(318): CodeIgniter\CodeIgniter->handleRequest(NULL, Object(Config\Cache), false)
#3 C:\xampp\htdocs\relixapi\public\index.php(37): CodeIgniter\CodeIgniter->run()
#4 {main}
CRITICAL - 2021-12-24 16:29:32 --> Object of class stdClass could not be converted to string
#0 C:\xampp\htdocs\relixapi\system\CodeIgniter.php(824): App\Controllers\sendEmail->enviarcodigoClave()
#1 C:\xampp\htdocs\relixapi\system\CodeIgniter.php(410): CodeIgniter\CodeIgniter->runController(Object(App\Controllers\sendEmail))
#2 C:\xampp\htdocs\relixapi\system\CodeIgniter.php(318): CodeIgniter\CodeIgniter->handleRequest(NULL, Object(Config\Cache), false)
#3 C:\xampp\htdocs\relixapi\public\index.php(37): CodeIgniter\CodeIgniter->run()
#4 {main}
CRITICAL - 2021-12-24 16:29:33 --> Object of class stdClass could not be converted to string
#0 C:\xampp\htdocs\relixapi\system\CodeIgniter.php(824): App\Controllers\sendEmail->enviarcodigoClave()
#1 C:\xampp\htdocs\relixapi\system\CodeIgniter.php(410): CodeIgniter\CodeIgniter->runController(Object(App\Controllers\sendEmail))
#2 C:\xampp\htdocs\relixapi\system\CodeIgniter.php(318): CodeIgniter\CodeIgniter->handleRequest(NULL, Object(Config\Cache), false)
#3 C:\xampp\htdocs\relixapi\public\index.php(37): CodeIgniter\CodeIgniter->run()
#4 {main}
CRITICAL - 2021-12-24 16:30:16 --> Object of class stdClass could not be converted to string
#0 C:\xampp\htdocs\relixapi\system\CodeIgniter.php(824): App\Controllers\sendEmail->enviarcodigoClave()
#1 C:\xampp\htdocs\relixapi\system\CodeIgniter.php(410): CodeIgniter\CodeIgniter->runController(Object(App\Controllers\sendEmail))
#2 C:\xampp\htdocs\relixapi\system\CodeIgniter.php(318): CodeIgniter\CodeIgniter->handleRequest(NULL, Object(Config\Cache), false)
#3 C:\xampp\htdocs\relixapi\public\index.php(37): CodeIgniter\CodeIgniter->run()
#4 {main}
CRITICAL - 2021-12-24 16:30:17 --> Object of class stdClass could not be converted to string
#0 C:\xampp\htdocs\relixapi\system\CodeIgniter.php(824): App\Controllers\sendEmail->enviarcodigoClave()
#1 C:\xampp\htdocs\relixapi\system\CodeIgniter.php(410): CodeIgniter\CodeIgniter->runController(Object(App\Controllers\sendEmail))
#2 C:\xampp\htdocs\relixapi\system\CodeIgniter.php(318): CodeIgniter\CodeIgniter->handleRequest(NULL, Object(Config\Cache), false)
#3 C:\xampp\htdocs\relixapi\public\index.php(37): CodeIgniter\CodeIgniter->run()
#4 {main}
CRITICAL - 2021-12-24 16:30:25 --> Object of class stdClass could not be converted to string
#0 C:\xampp\htdocs\relixapi\system\CodeIgniter.php(824): App\Controllers\sendEmail->enviarcodigoClave()
#1 C:\xampp\htdocs\relixapi\system\CodeIgniter.php(410): CodeIgniter\CodeIgniter->runController(Object(App\Controllers\sendEmail))
#2 C:\xampp\htdocs\relixapi\system\CodeIgniter.php(318): CodeIgniter\CodeIgniter->handleRequest(NULL, Object(Config\Cache), false)
#3 C:\xampp\htdocs\relixapi\public\index.php(37): CodeIgniter\CodeIgniter->run()
#4 {main}
ERROR - 2021-12-24 17:35:17 --> Duplicate entry 'luisluian5@gmail.com' for key 'correoUsuario'
CRITICAL - 2021-12-24 18:19:16 --> syntax error, unexpected token "}"
#0 C:\xampp\htdocs\relixapi\system\Autoloader\Autoloader.php(241): CodeIgniter\Autoloader\Autoloader->includeFile('C:\\xampp\\htdocs...')
#1 C:\xampp\htdocs\relixapi\system\Autoloader\Autoloader.php(219): CodeIgniter\Autoloader\Autoloader->loadInNamespace('App\\Controllers...')
#2 [internal function]: CodeIgniter\Autoloader\Autoloader->loadClass('App\\Controllers...')
#3 C:\xampp\htdocs\relixapi\system\CodeIgniter.php(789): class_exists('\\App\\Controller...', true)
#4 C:\xampp\htdocs\relixapi\system\CodeIgniter.php(397): CodeIgniter\CodeIgniter->startController()
#5 C:\xampp\htdocs\relixapi\system\CodeIgniter.php(318): CodeIgniter\CodeIgniter->handleRequest(NULL, Object(Config\Cache), false)
#6 C:\xampp\htdocs\relixapi\public\index.php(37): CodeIgniter\CodeIgniter->run()
#7 {main}
CRITICAL - 2021-12-24 18:19:18 --> syntax error, unexpected token "}"
#0 C:\xampp\htdocs\relixapi\system\Autoloader\Autoloader.php(241): CodeIgniter\Autoloader\Autoloader->includeFile('C:\\xampp\\htdocs...')
#1 C:\xampp\htdocs\relixapi\system\Autoloader\Autoloader.php(219): CodeIgniter\Autoloader\Autoloader->loadInNamespace('App\\Controllers...')
#2 [internal function]: CodeIgniter\Autoloader\Autoloader->loadClass('App\\Controllers...')
#3 C:\xampp\htdocs\relixapi\system\CodeIgniter.php(789): class_exists('\\App\\Controller...', true)
#4 C:\xampp\htdocs\relixapi\system\CodeIgniter.php(397): CodeIgniter\CodeIgniter->startController()
#5 C:\xampp\htdocs\relixapi\system\CodeIgniter.php(318): CodeIgniter\CodeIgniter->handleRequest(NULL, Object(Config\Cache), false)
#6 C:\xampp\htdocs\relixapi\public\index.php(37): CodeIgniter\CodeIgniter->run()
#7 {main}
CRITICAL - 2021-12-24 18:19:24 --> syntax error, unexpected token "}"
#0 C:\xampp\htdocs\relixapi\system\Autoloader\Autoloader.php(241): CodeIgniter\Autoloader\Autoloader->includeFile('C:\\xampp\\htdocs...')
#1 C:\xampp\htdocs\relixapi\system\Autoloader\Autoloader.php(219): CodeIgniter\Autoloader\Autoloader->loadInNamespace('App\\Controllers...')
#2 [internal function]: CodeIgniter\Autoloader\Autoloader->loadClass('App\\Controllers...')
#3 C:\xampp\htdocs\relixapi\system\CodeIgniter.php(789): class_exists('\\App\\Controller...', true)
#4 C:\xampp\htdocs\relixapi\system\CodeIgniter.php(397): CodeIgniter\CodeIgniter->startController()
#5 C:\xampp\htdocs\relixapi\system\CodeIgniter.php(318): CodeIgniter\CodeIgniter->handleRequest(NULL, Object(Config\Cache), false)
#6 C:\xampp\htdocs\relixapi\public\index.php(37): CodeIgniter\CodeIgniter->run()
#7 {main}
