CRITICAL - 2022-04-09 09:13:42 --> Array to string conversion
#0 C:\xampp\htdocs\relixapi\vendor\phpoffice\phpspreadsheet\src\PhpSpreadsheet\Style\Fill.php(327): CodeIgniter\Debug\Exceptions->errorHandler(2, 'Array to string...', 'C:\\xampp\\htdocs...', 327)
#1 C:\xampp\htdocs\relixapi\vendor\phpoffice\phpspreadsheet\src\PhpSpreadsheet\Style\Style.php(689): PhpOffice\PhpSpreadsheet\Style\Fill->getHashCode()
#2 C:\xampp\htdocs\relixapi\vendor\phpoffice\phpspreadsheet\src\PhpSpreadsheet\Style\Style.php(387): PhpOffice\PhpSpreadsheet\Style\Style->getHashCode()
#3 C:\xampp\htdocs\relixapi\vendor\phpoffice\phpspreadsheet\src\PhpSpreadsheet\Style\Style.php(345): PhpOffice\PhpSpreadsheet\Style\Style->applyFromArray(Array, false)
#4 C:\xampp\htdocs\relixapi\app\Controllers\API\FichatecnicaController.php(81): PhpOffice\PhpSpreadsheet\Style\Style->applyFromArray(Array)
#5 C:\xampp\htdocs\relixapi\system\CodeIgniter.php(824): App\Controllers\API\FichatecnicaController->exportarExcelFichasTecnicas()
#6 C:\xampp\htdocs\relixapi\system\CodeIgniter.php(410): CodeIgniter\CodeIgniter->runController(Object(App\Controllers\API\FichatecnicaController))
#7 C:\xampp\htdocs\relixapi\system\CodeIgniter.php(318): CodeIgniter\CodeIgniter->handleRequest(NULL, Object(Config\Cache), false)
#8 C:\xampp\htdocs\relixapi\public\index.php(37): CodeIgniter\CodeIgniter->run()
#9 {main}
CRITICAL - 2022-04-09 09:13:45 --> Array to string conversion
#0 C:\xampp\htdocs\relixapi\vendor\phpoffice\phpspreadsheet\src\PhpSpreadsheet\Style\Fill.php(327): CodeIgniter\Debug\Exceptions->errorHandler(2, 'Array to string...', 'C:\\xampp\\htdocs...', 327)
#1 C:\xampp\htdocs\relixapi\vendor\phpoffice\phpspreadsheet\src\PhpSpreadsheet\Style\Style.php(689): PhpOffice\PhpSpreadsheet\Style\Fill->getHashCode()
#2 C:\xampp\htdocs\relixapi\vendor\phpoffice\phpspreadsheet\src\PhpSpreadsheet\Style\Style.php(387): PhpOffice\PhpSpreadsheet\Style\Style->getHashCode()
#3 C:\xampp\htdocs\relixapi\vendor\phpoffice\phpspreadsheet\src\PhpSpreadsheet\Style\Style.php(345): PhpOffice\PhpSpreadsheet\Style\Style->applyFromArray(Array, false)
#4 C:\xampp\htdocs\relixapi\app\Controllers\API\FichatecnicaController.php(81): PhpOffice\PhpSpreadsheet\Style\Style->applyFromArray(Array)
#5 C:\xampp\htdocs\relixapi\system\CodeIgniter.php(824): App\Controllers\API\FichatecnicaController->exportarExcelFichasTecnicas()
#6 C:\xampp\htdocs\relixapi\system\CodeIgniter.php(410): CodeIgniter\CodeIgniter->runController(Object(App\Controllers\API\FichatecnicaController))
#7 C:\xampp\htdocs\relixapi\system\CodeIgniter.php(318): CodeIgniter\CodeIgniter->handleRequest(NULL, Object(Config\Cache), false)
#8 C:\xampp\htdocs\relixapi\public\index.php(37): CodeIgniter\CodeIgniter->run()
#9 {main}
CRITICAL - 2022-04-09 09:13:51 --> Array to string conversion
#0 C:\xampp\htdocs\relixapi\vendor\phpoffice\phpspreadsheet\src\PhpSpreadsheet\Style\Fill.php(327): CodeIgniter\Debug\Exceptions->errorHandler(2, 'Array to string...', 'C:\\xampp\\htdocs...', 327)
#1 C:\xampp\htdocs\relixapi\vendor\phpoffice\phpspreadsheet\src\PhpSpreadsheet\Style\Style.php(689): PhpOffice\PhpSpreadsheet\Style\Fill->getHashCode()
#2 C:\xampp\htdocs\relixapi\vendor\phpoffice\phpspreadsheet\src\PhpSpreadsheet\Style\Style.php(387): PhpOffice\PhpSpreadsheet\Style\Style->getHashCode()
#3 C:\xampp\htdocs\relixapi\vendor\phpoffice\phpspreadsheet\src\PhpSpreadsheet\Style\Style.php(345): PhpOffice\PhpSpreadsheet\Style\Style->applyFromArray(Array, false)
#4 C:\xampp\htdocs\relixapi\app\Controllers\API\FichatecnicaController.php(81): PhpOffice\PhpSpreadsheet\Style\Style->applyFromArray(Array)
#5 C:\xampp\htdocs\relixapi\system\CodeIgniter.php(824): App\Controllers\API\FichatecnicaController->exportarExcelFichasTecnicas()
#6 C:\xampp\htdocs\relixapi\system\CodeIgniter.php(410): CodeIgniter\CodeIgniter->runController(Object(App\Controllers\API\FichatecnicaController))
#7 C:\xampp\htdocs\relixapi\system\CodeIgniter.php(318): CodeIgniter\CodeIgniter->handleRequest(NULL, Object(Config\Cache), false)
#8 C:\xampp\htdocs\relixapi\public\index.php(37): CodeIgniter\CodeIgniter->run()
#9 {main}
CRITICAL - 2022-04-09 09:13:59 --> Array to string conversion
#0 C:\xampp\htdocs\relixapi\vendor\phpoffice\phpspreadsheet\src\PhpSpreadsheet\Style\Fill.php(327): CodeIgniter\Debug\Exceptions->errorHandler(2, 'Array to string...', 'C:\\xampp\\htdocs...', 327)
#1 C:\xampp\htdocs\relixapi\vendor\phpoffice\phpspreadsheet\src\PhpSpreadsheet\Style\Style.php(689): PhpOffice\PhpSpreadsheet\Style\Fill->getHashCode()
#2 C:\xampp\htdocs\relixapi\vendor\phpoffice\phpspreadsheet\src\PhpSpreadsheet\Style\Style.php(387): PhpOffice\PhpSpreadsheet\Style\Style->getHashCode()
#3 C:\xampp\htdocs\relixapi\vendor\phpoffice\phpspreadsheet\src\PhpSpreadsheet\Style\Style.php(345): PhpOffice\PhpSpreadsheet\Style\Style->applyFromArray(Array, false)
#4 C:\xampp\htdocs\relixapi\app\Controllers\API\FichatecnicaController.php(81): PhpOffice\PhpSpreadsheet\Style\Style->applyFromArray(Array)
#5 C:\xampp\htdocs\relixapi\system\CodeIgniter.php(824): App\Controllers\API\FichatecnicaController->exportarExcelFichasTecnicas()
#6 C:\xampp\htdocs\relixapi\system\CodeIgniter.php(410): CodeIgniter\CodeIgniter->runController(Object(App\Controllers\API\FichatecnicaController))
#7 C:\xampp\htdocs\relixapi\system\CodeIgniter.php(318): CodeIgniter\CodeIgniter->handleRequest(NULL, Object(Config\Cache), false)
#8 C:\xampp\htdocs\relixapi\public\index.php(37): CodeIgniter\CodeIgniter->run()
#9 {main}
CRITICAL - 2022-04-09 09:14:00 --> Array to string conversion
#0 C:\xampp\htdocs\relixapi\vendor\phpoffice\phpspreadsheet\src\PhpSpreadsheet\Style\Fill.php(327): CodeIgniter\Debug\Exceptions->errorHandler(2, 'Array to string...', 'C:\\xampp\\htdocs...', 327)
#1 C:\xampp\htdocs\relixapi\vendor\phpoffice\phpspreadsheet\src\PhpSpreadsheet\Style\Style.php(689): PhpOffice\PhpSpreadsheet\Style\Fill->getHashCode()
#2 C:\xampp\htdocs\relixapi\vendor\phpoffice\phpspreadsheet\src\PhpSpreadsheet\Style\Style.php(387): PhpOffice\PhpSpreadsheet\Style\Style->getHashCode()
#3 C:\xampp\htdocs\relixapi\vendor\phpoffice\phpspreadsheet\src\PhpSpreadsheet\Style\Style.php(345): PhpOffice\PhpSpreadsheet\Style\Style->applyFromArray(Array, false)
#4 C:\xampp\htdocs\relixapi\app\Controllers\API\FichatecnicaController.php(81): PhpOffice\PhpSpreadsheet\Style\Style->applyFromArray(Array)
#5 C:\xampp\htdocs\relixapi\system\CodeIgniter.php(824): App\Controllers\API\FichatecnicaController->exportarExcelFichasTecnicas()
#6 C:\xampp\htdocs\relixapi\system\CodeIgniter.php(410): CodeIgniter\CodeIgniter->runController(Object(App\Controllers\API\FichatecnicaController))
#7 C:\xampp\htdocs\relixapi\system\CodeIgniter.php(318): CodeIgniter\CodeIgniter->handleRequest(NULL, Object(Config\Cache), false)
#8 C:\xampp\htdocs\relixapi\public\index.php(37): CodeIgniter\CodeIgniter->run()
#9 {main}
CRITICAL - 2022-04-09 09:14:00 --> Array to string conversion
#0 C:\xampp\htdocs\relixapi\vendor\phpoffice\phpspreadsheet\src\PhpSpreadsheet\Style\Fill.php(327): CodeIgniter\Debug\Exceptions->errorHandler(2, 'Array to string...', 'C:\\xampp\\htdocs...', 327)
#1 C:\xampp\htdocs\relixapi\vendor\phpoffice\phpspreadsheet\src\PhpSpreadsheet\Style\Style.php(689): PhpOffice\PhpSpreadsheet\Style\Fill->getHashCode()
#2 C:\xampp\htdocs\relixapi\vendor\phpoffice\phpspreadsheet\src\PhpSpreadsheet\Style\Style.php(387): PhpOffice\PhpSpreadsheet\Style\Style->getHashCode()
#3 C:\xampp\htdocs\relixapi\vendor\phpoffice\phpspreadsheet\src\PhpSpreadsheet\Style\Style.php(345): PhpOffice\PhpSpreadsheet\Style\Style->applyFromArray(Array, false)
#4 C:\xampp\htdocs\relixapi\app\Controllers\API\FichatecnicaController.php(81): PhpOffice\PhpSpreadsheet\Style\Style->applyFromArray(Array)
#5 C:\xampp\htdocs\relixapi\system\CodeIgniter.php(824): App\Controllers\API\FichatecnicaController->exportarExcelFichasTecnicas()
#6 C:\xampp\htdocs\relixapi\system\CodeIgniter.php(410): CodeIgniter\CodeIgniter->runController(Object(App\Controllers\API\FichatecnicaController))
#7 C:\xampp\htdocs\relixapi\system\CodeIgniter.php(318): CodeIgniter\CodeIgniter->handleRequest(NULL, Object(Config\Cache), false)
#8 C:\xampp\htdocs\relixapi\public\index.php(37): CodeIgniter\CodeIgniter->run()
#9 {main}
CRITICAL - 2022-04-09 09:14:05 --> Array to string conversion
#0 C:\xampp\htdocs\relixapi\vendor\phpoffice\phpspreadsheet\src\PhpSpreadsheet\Style\Fill.php(327): CodeIgniter\Debug\Exceptions->errorHandler(2, 'Array to string...', 'C:\\xampp\\htdocs...', 327)
#1 C:\xampp\htdocs\relixapi\vendor\phpoffice\phpspreadsheet\src\PhpSpreadsheet\Style\Style.php(689): PhpOffice\PhpSpreadsheet\Style\Fill->getHashCode()
#2 C:\xampp\htdocs\relixapi\vendor\phpoffice\phpspreadsheet\src\PhpSpreadsheet\Style\Style.php(387): PhpOffice\PhpSpreadsheet\Style\Style->getHashCode()
#3 C:\xampp\htdocs\relixapi\vendor\phpoffice\phpspreadsheet\src\PhpSpreadsheet\Style\Style.php(345): PhpOffice\PhpSpreadsheet\Style\Style->applyFromArray(Array, false)
#4 C:\xampp\htdocs\relixapi\app\Controllers\API\FichatecnicaController.php(81): PhpOffice\PhpSpreadsheet\Style\Style->applyFromArray(Array)
#5 C:\xampp\htdocs\relixapi\system\CodeIgniter.php(824): App\Controllers\API\FichatecnicaController->exportarExcelFichasTecnicas()
#6 C:\xampp\htdocs\relixapi\system\CodeIgniter.php(410): CodeIgniter\CodeIgniter->runController(Object(App\Controllers\API\FichatecnicaController))
#7 C:\xampp\htdocs\relixapi\system\CodeIgniter.php(318): CodeIgniter\CodeIgniter->handleRequest(NULL, Object(Config\Cache), false)
#8 C:\xampp\htdocs\relixapi\public\index.php(37): CodeIgniter\CodeIgniter->run()
#9 {main}
CRITICAL - 2022-04-09 11:25:10 --> Worksheet!M6 -> Formula Error: An unexpected error occurred
#0 C:\xampp\htdocs\relixapi\vendor\phpoffice\phpspreadsheet\src\PhpSpreadsheet\Worksheet\Worksheet.php(755): PhpOffice\PhpSpreadsheet\Cell\Cell->getCalculatedValue()
#1 C:\xampp\htdocs\relixapi\vendor\phpoffice\phpspreadsheet\src\PhpSpreadsheet\Writer\Xlsx\Worksheet.php(358): PhpOffice\PhpSpreadsheet\Worksheet\Worksheet->calculateColumnWidths()
#2 C:\xampp\htdocs\relixapi\vendor\phpoffice\phpspreadsheet\src\PhpSpreadsheet\Writer\Xlsx\Worksheet.php(68): PhpOffice\PhpSpreadsheet\Writer\Xlsx\Worksheet->writeCols(Object(PhpOffice\PhpSpreadsheet\Shared\XMLWriter), Object(PhpOffice\PhpSpreadsheet\Worksheet\Worksheet))
#3 C:\xampp\htdocs\relixapi\vendor\phpoffice\phpspreadsheet\src\PhpSpreadsheet\Writer\Xlsx.php(379): PhpOffice\PhpSpreadsheet\Writer\Xlsx\Worksheet->writeWorksheet(Object(PhpOffice\PhpSpreadsheet\Worksheet\Worksheet), Array, false)
#4 C:\xampp\htdocs\relixapi\app\Controllers\API\FichatecnicaController.php(279): PhpOffice\PhpSpreadsheet\Writer\Xlsx->save('php://output')
#5 C:\xampp\htdocs\relixapi\system\CodeIgniter.php(824): App\Controllers\API\FichatecnicaController->exportarExcelFichasTecnicas()
#6 C:\xampp\htdocs\relixapi\system\CodeIgniter.php(410): CodeIgniter\CodeIgniter->runController(Object(App\Controllers\API\FichatecnicaController))
#7 C:\xampp\htdocs\relixapi\system\CodeIgniter.php(318): CodeIgniter\CodeIgniter->handleRequest(NULL, Object(Config\Cache), false)
#8 C:\xampp\htdocs\relixapi\public\index.php(37): CodeIgniter\CodeIgniter->run()
#9 {main}
CRITICAL - 2022-04-09 11:25:14 --> Worksheet!M6 -> Formula Error: An unexpected error occurred
#0 C:\xampp\htdocs\relixapi\vendor\phpoffice\phpspreadsheet\src\PhpSpreadsheet\Worksheet\Worksheet.php(755): PhpOffice\PhpSpreadsheet\Cell\Cell->getCalculatedValue()
#1 C:\xampp\htdocs\relixapi\vendor\phpoffice\phpspreadsheet\src\PhpSpreadsheet\Writer\Xlsx\Worksheet.php(358): PhpOffice\PhpSpreadsheet\Worksheet\Worksheet->calculateColumnWidths()
#2 C:\xampp\htdocs\relixapi\vendor\phpoffice\phpspreadsheet\src\PhpSpreadsheet\Writer\Xlsx\Worksheet.php(68): PhpOffice\PhpSpreadsheet\Writer\Xlsx\Worksheet->writeCols(Object(PhpOffice\PhpSpreadsheet\Shared\XMLWriter), Object(PhpOffice\PhpSpreadsheet\Worksheet\Worksheet))
#3 C:\xampp\htdocs\relixapi\vendor\phpoffice\phpspreadsheet\src\PhpSpreadsheet\Writer\Xlsx.php(379): PhpOffice\PhpSpreadsheet\Writer\Xlsx\Worksheet->writeWorksheet(Object(PhpOffice\PhpSpreadsheet\Worksheet\Worksheet), Array, false)
#4 C:\xampp\htdocs\relixapi\app\Controllers\API\FichatecnicaController.php(279): PhpOffice\PhpSpreadsheet\Writer\Xlsx->save('php://output')
#5 C:\xampp\htdocs\relixapi\system\CodeIgniter.php(824): App\Controllers\API\FichatecnicaController->exportarExcelFichasTecnicas()
#6 C:\xampp\htdocs\relixapi\system\CodeIgniter.php(410): CodeIgniter\CodeIgniter->runController(Object(App\Controllers\API\FichatecnicaController))
#7 C:\xampp\htdocs\relixapi\system\CodeIgniter.php(318): CodeIgniter\CodeIgniter->handleRequest(NULL, Object(Config\Cache), false)
#8 C:\xampp\htdocs\relixapi\public\index.php(37): CodeIgniter\CodeIgniter->run()
#9 {main}
CRITICAL - 2022-04-09 11:43:42 --> Worksheet!M6 -> Formula Error: An unexpected error occurred
#0 C:\xampp\htdocs\relixapi\vendor\phpoffice\phpspreadsheet\src\PhpSpreadsheet\Worksheet\Worksheet.php(755): PhpOffice\PhpSpreadsheet\Cell\Cell->getCalculatedValue()
#1 C:\xampp\htdocs\relixapi\vendor\phpoffice\phpspreadsheet\src\PhpSpreadsheet\Writer\Xlsx\Worksheet.php(358): PhpOffice\PhpSpreadsheet\Worksheet\Worksheet->calculateColumnWidths()
#2 C:\xampp\htdocs\relixapi\vendor\phpoffice\phpspreadsheet\src\PhpSpreadsheet\Writer\Xlsx\Worksheet.php(68): PhpOffice\PhpSpreadsheet\Writer\Xlsx\Worksheet->writeCols(Object(PhpOffice\PhpSpreadsheet\Shared\XMLWriter), Object(PhpOffice\PhpSpreadsheet\Worksheet\Worksheet))
#3 C:\xampp\htdocs\relixapi\vendor\phpoffice\phpspreadsheet\src\PhpSpreadsheet\Writer\Xlsx.php(379): PhpOffice\PhpSpreadsheet\Writer\Xlsx\Worksheet->writeWorksheet(Object(PhpOffice\PhpSpreadsheet\Worksheet\Worksheet), Array, false)
#4 C:\xampp\htdocs\relixapi\app\Controllers\API\FichatecnicaController.php(279): PhpOffice\PhpSpreadsheet\Writer\Xlsx->save('php://output')
#5 C:\xampp\htdocs\relixapi\system\CodeIgniter.php(824): App\Controllers\API\FichatecnicaController->exportarExcelFichasTecnicas()
#6 C:\xampp\htdocs\relixapi\system\CodeIgniter.php(410): CodeIgniter\CodeIgniter->runController(Object(App\Controllers\API\FichatecnicaController))
#7 C:\xampp\htdocs\relixapi\system\CodeIgniter.php(318): CodeIgniter\CodeIgniter->handleRequest(NULL, Object(Config\Cache), false)
#8 C:\xampp\htdocs\relixapi\public\index.php(37): CodeIgniter\CodeIgniter->run()
#9 {main}
CRITICAL - 2022-04-09 11:46:02 --> Worksheet!M6 -> Formula Error: An unexpected error occurred
#0 C:\xampp\htdocs\relixapi\vendor\phpoffice\phpspreadsheet\src\PhpSpreadsheet\Worksheet\Worksheet.php(755): PhpOffice\PhpSpreadsheet\Cell\Cell->getCalculatedValue()
#1 C:\xampp\htdocs\relixapi\vendor\phpoffice\phpspreadsheet\src\PhpSpreadsheet\Writer\Xlsx\Worksheet.php(358): PhpOffice\PhpSpreadsheet\Worksheet\Worksheet->calculateColumnWidths()
#2 C:\xampp\htdocs\relixapi\vendor\phpoffice\phpspreadsheet\src\PhpSpreadsheet\Writer\Xlsx\Worksheet.php(68): PhpOffice\PhpSpreadsheet\Writer\Xlsx\Worksheet->writeCols(Object(PhpOffice\PhpSpreadsheet\Shared\XMLWriter), Object(PhpOffice\PhpSpreadsheet\Worksheet\Worksheet))
#3 C:\xampp\htdocs\relixapi\vendor\phpoffice\phpspreadsheet\src\PhpSpreadsheet\Writer\Xlsx.php(379): PhpOffice\PhpSpreadsheet\Writer\Xlsx\Worksheet->writeWorksheet(Object(PhpOffice\PhpSpreadsheet\Worksheet\Worksheet), Array, false)
#4 C:\xampp\htdocs\relixapi\app\Controllers\API\FichatecnicaController.php(279): PhpOffice\PhpSpreadsheet\Writer\Xlsx->save('php://output')
#5 C:\xampp\htdocs\relixapi\system\CodeIgniter.php(824): App\Controllers\API\FichatecnicaController->exportarExcelFichasTecnicas()
#6 C:\xampp\htdocs\relixapi\system\CodeIgniter.php(410): CodeIgniter\CodeIgniter->runController(Object(App\Controllers\API\FichatecnicaController))
#7 C:\xampp\htdocs\relixapi\system\CodeIgniter.php(318): CodeIgniter\CodeIgniter->handleRequest(NULL, Object(Config\Cache), false)
#8 C:\xampp\htdocs\relixapi\public\index.php(37): CodeIgniter\CodeIgniter->run()
#9 {main}
CRITICAL - 2022-04-09 11:46:04 --> Worksheet!M6 -> Formula Error: An unexpected error occurred
#0 C:\xampp\htdocs\relixapi\vendor\phpoffice\phpspreadsheet\src\PhpSpreadsheet\Worksheet\Worksheet.php(755): PhpOffice\PhpSpreadsheet\Cell\Cell->getCalculatedValue()
#1 C:\xampp\htdocs\relixapi\vendor\phpoffice\phpspreadsheet\src\PhpSpreadsheet\Writer\Xlsx\Worksheet.php(358): PhpOffice\PhpSpreadsheet\Worksheet\Worksheet->calculateColumnWidths()
#2 C:\xampp\htdocs\relixapi\vendor\phpoffice\phpspreadsheet\src\PhpSpreadsheet\Writer\Xlsx\Worksheet.php(68): PhpOffice\PhpSpreadsheet\Writer\Xlsx\Worksheet->writeCols(Object(PhpOffice\PhpSpreadsheet\Shared\XMLWriter), Object(PhpOffice\PhpSpreadsheet\Worksheet\Worksheet))
#3 C:\xampp\htdocs\relixapi\vendor\phpoffice\phpspreadsheet\src\PhpSpreadsheet\Writer\Xlsx.php(379): PhpOffice\PhpSpreadsheet\Writer\Xlsx\Worksheet->writeWorksheet(Object(PhpOffice\PhpSpreadsheet\Worksheet\Worksheet), Array, false)
#4 C:\xampp\htdocs\relixapi\app\Controllers\API\FichatecnicaController.php(279): PhpOffice\PhpSpreadsheet\Writer\Xlsx->save('php://output')
#5 C:\xampp\htdocs\relixapi\system\CodeIgniter.php(824): App\Controllers\API\FichatecnicaController->exportarExcelFichasTecnicas()
#6 C:\xampp\htdocs\relixapi\system\CodeIgniter.php(410): CodeIgniter\CodeIgniter->runController(Object(App\Controllers\API\FichatecnicaController))
#7 C:\xampp\htdocs\relixapi\system\CodeIgniter.php(318): CodeIgniter\CodeIgniter->handleRequest(NULL, Object(Config\Cache), false)
#8 C:\xampp\htdocs\relixapi\public\index.php(37): CodeIgniter\CodeIgniter->run()
#9 {main}
