ERROR - 2022-02-24 23:47:07 --> Not unique table/alias: 'tblFichatecnica'
CRITICAL - 2022-02-24 23:47:07 --> Call to a member function getResult() on bool
#0 C:\xampp\htdocs\relixapi\app\Controllers\API\FichatecnicaController.php(25): App\Models\FichatecnicaModel->obtenercantidadFichas()
#1 C:\xampp\htdocs\relixapi\system\CodeIgniter.php(824): App\Controllers\API\FichatecnicaController->contadorFichas()
#2 C:\xampp\htdocs\relixapi\system\CodeIgniter.php(410): CodeIgniter\CodeIgniter->runController(Object(App\Controllers\API\FichatecnicaController))
#3 C:\xampp\htdocs\relixapi\system\CodeIgniter.php(318): CodeIgniter\CodeIgniter->handleRequest(NULL, Object(Config\Cache), false)
#4 C:\xampp\htdocs\relixapi\public\index.php(37): CodeIgniter\CodeIgniter->run()
#5 {main}
ERROR - 2022-02-24 23:47:11 --> Not unique table/alias: 'tblFichatecnica'
CRITICAL - 2022-02-24 23:47:11 --> Call to a member function getResult() on bool
#0 C:\xampp\htdocs\relixapi\app\Controllers\API\FichatecnicaController.php(25): App\Models\FichatecnicaModel->obtenercantidadFichas()
#1 C:\xampp\htdocs\relixapi\system\CodeIgniter.php(824): App\Controllers\API\FichatecnicaController->contadorFichas()
#2 C:\xampp\htdocs\relixapi\system\CodeIgniter.php(410): CodeIgniter\CodeIgniter->runController(Object(App\Controllers\API\FichatecnicaController))
#3 C:\xampp\htdocs\relixapi\system\CodeIgniter.php(318): CodeIgniter\CodeIgniter->handleRequest(NULL, Object(Config\Cache), false)
#4 C:\xampp\htdocs\relixapi\public\index.php(37): CodeIgniter\CodeIgniter->run()
#5 {main}
ERROR - 2022-02-24 23:47:40 --> Not unique table/alias: 'tblFichatecnica'
CRITICAL - 2022-02-24 23:47:40 --> Call to a member function getResult() on bool
#0 C:\xampp\htdocs\relixapi\app\Controllers\API\FichatecnicaController.php(25): App\Models\FichatecnicaModel->obtenercantidadFichas()
#1 C:\xampp\htdocs\relixapi\system\CodeIgniter.php(824): App\Controllers\API\FichatecnicaController->contadorFichas()
#2 C:\xampp\htdocs\relixapi\system\CodeIgniter.php(410): CodeIgniter\CodeIgniter->runController(Object(App\Controllers\API\FichatecnicaController))
#3 C:\xampp\htdocs\relixapi\system\CodeIgniter.php(318): CodeIgniter\CodeIgniter->handleRequest(NULL, Object(Config\Cache), false)
#4 C:\xampp\htdocs\relixapi\public\index.php(37): CodeIgniter\CodeIgniter->run()
#5 {main}
ERROR - 2022-02-24 23:48:09 --> Not unique table/alias: 'tblFichatecnica'
CRITICAL - 2022-02-24 23:48:09 --> Call to a member function getResult() on bool
#0 C:\xampp\htdocs\relixapi\app\Controllers\API\FichatecnicaController.php(25): App\Models\FichatecnicaModel->obtenercantidadFichas()
#1 C:\xampp\htdocs\relixapi\system\CodeIgniter.php(824): App\Controllers\API\FichatecnicaController->contadorFichas()
#2 C:\xampp\htdocs\relixapi\system\CodeIgniter.php(410): CodeIgniter\CodeIgniter->runController(Object(App\Controllers\API\FichatecnicaController))
#3 C:\xampp\htdocs\relixapi\system\CodeIgniter.php(318): CodeIgniter\CodeIgniter->handleRequest(NULL, Object(Config\Cache), false)
#4 C:\xampp\htdocs\relixapi\public\index.php(37): CodeIgniter\CodeIgniter->run()
#5 {main}
