ERROR - 2022-04-03 21:29:49 --> Unknown column 'aprobaciongerenteDetallefichatecnica' in 'where clause'
CRITICAL - 2022-04-03 21:29:49 --> Call to a member function getResult() on bool
#0 C:\xampp\htdocs\relixapi\app\Controllers\API\FichatecnicaController.php(29): App\Models\FichatecnicaModel->obtenerFichasAprobadas()
#1 C:\xampp\htdocs\relixapi\system\CodeIgniter.php(824): App\Controllers\API\FichatecnicaController->listarFichatecnicaBackOffice()
#2 C:\xampp\htdocs\relixapi\system\CodeIgniter.php(410): CodeIgniter\CodeIgniter->runController(Object(App\Controllers\API\FichatecnicaController))
#3 C:\xampp\htdocs\relixapi\system\CodeIgniter.php(318): CodeIgniter\CodeIgniter->handleRequest(NULL, Object(Config\Cache), false)
#4 C:\xampp\htdocs\relixapi\public\index.php(37): CodeIgniter\CodeIgniter->run()
#5 {main}
ERROR - 2022-04-03 21:29:52 --> Unknown column 'aprobaciongerenteDetallefichatecnica' in 'where clause'
CRITICAL - 2022-04-03 21:29:52 --> Call to a member function getResult() on bool
#0 C:\xampp\htdocs\relixapi\app\Controllers\API\FichatecnicaController.php(29): App\Models\FichatecnicaModel->obtenerFichasAprobadas()
#1 C:\xampp\htdocs\relixapi\system\CodeIgniter.php(824): App\Controllers\API\FichatecnicaController->listarFichatecnicaBackOffice()
#2 C:\xampp\htdocs\relixapi\system\CodeIgniter.php(410): CodeIgniter\CodeIgniter->runController(Object(App\Controllers\API\FichatecnicaController))
#3 C:\xampp\htdocs\relixapi\system\CodeIgniter.php(318): CodeIgniter\CodeIgniter->handleRequest(NULL, Object(Config\Cache), false)
#4 C:\xampp\htdocs\relixapi\public\index.php(37): CodeIgniter\CodeIgniter->run()
#5 {main}
ERROR - 2022-04-03 21:30:33 --> Unknown column 'aprobaciongerenteDetallefichatecnica' in 'where clause'
CRITICAL - 2022-04-03 21:30:33 --> Call to a member function getResult() on bool
#0 C:\xampp\htdocs\relixapi\app\Controllers\API\FichatecnicaController.php(29): App\Models\FichatecnicaModel->obtenerFichasAprobadas()
#1 C:\xampp\htdocs\relixapi\system\CodeIgniter.php(824): App\Controllers\API\FichatecnicaController->listarFichatecnicaBackOffice()
#2 C:\xampp\htdocs\relixapi\system\CodeIgniter.php(410): CodeIgniter\CodeIgniter->runController(Object(App\Controllers\API\FichatecnicaController))
#3 C:\xampp\htdocs\relixapi\system\CodeIgniter.php(318): CodeIgniter\CodeIgniter->handleRequest(NULL, Object(Config\Cache), false)
#4 C:\xampp\htdocs\relixapi\public\index.php(37): CodeIgniter\CodeIgniter->run()
#5 {main}
ERROR - 2022-04-03 21:30:36 --> Unknown column 'aprobaciongerenteDetallefichatecnica' in 'where clause'
CRITICAL - 2022-04-03 21:30:36 --> Call to a member function getResult() on bool
#0 C:\xampp\htdocs\relixapi\app\Controllers\API\FichatecnicaController.php(29): App\Models\FichatecnicaModel->obtenerFichasAprobadas()
#1 C:\xampp\htdocs\relixapi\system\CodeIgniter.php(824): App\Controllers\API\FichatecnicaController->listarFichatecnicaBackOffice()
#2 C:\xampp\htdocs\relixapi\system\CodeIgniter.php(410): CodeIgniter\CodeIgniter->runController(Object(App\Controllers\API\FichatecnicaController))
#3 C:\xampp\htdocs\relixapi\system\CodeIgniter.php(318): CodeIgniter\CodeIgniter->handleRequest(NULL, Object(Config\Cache), false)
#4 C:\xampp\htdocs\relixapi\public\index.php(37): CodeIgniter\CodeIgniter->run()
#5 {main}
ERROR - 2022-04-03 21:31:28 --> Unknown column 'aprobaciongerenteDetallefichatecnica' in 'where clause'
CRITICAL - 2022-04-03 21:31:28 --> Call to a member function getResult() on bool
#0 C:\xampp\htdocs\relixapi\app\Controllers\API\FichatecnicaController.php(29): App\Models\FichatecnicaModel->obtenerFichasAprobadas()
#1 C:\xampp\htdocs\relixapi\system\CodeIgniter.php(824): App\Controllers\API\FichatecnicaController->listarFichatecnicaBackOffice()
#2 C:\xampp\htdocs\relixapi\system\CodeIgniter.php(410): CodeIgniter\CodeIgniter->runController(Object(App\Controllers\API\FichatecnicaController))
#3 C:\xampp\htdocs\relixapi\system\CodeIgniter.php(318): CodeIgniter\CodeIgniter->handleRequest(NULL, Object(Config\Cache), false)
#4 C:\xampp\htdocs\relixapi\public\index.php(37): CodeIgniter\CodeIgniter->run()
#5 {main}
ERROR - 2022-04-03 21:33:30 --> Unknown column 'aprobaciongerenteDetallefichatecnica' in 'where clause'
CRITICAL - 2022-04-03 21:33:30 --> Call to a member function getResult() on bool
#0 C:\xampp\htdocs\relixapi\app\Controllers\API\FichatecnicaController.php(29): App\Models\FichatecnicaModel->obtenerFichasAprobadas()
#1 C:\xampp\htdocs\relixapi\system\CodeIgniter.php(824): App\Controllers\API\FichatecnicaController->listarFichatecnicaBackOffice()
#2 C:\xampp\htdocs\relixapi\system\CodeIgniter.php(410): CodeIgniter\CodeIgniter->runController(Object(App\Controllers\API\FichatecnicaController))
#3 C:\xampp\htdocs\relixapi\system\CodeIgniter.php(318): CodeIgniter\CodeIgniter->handleRequest(NULL, Object(Config\Cache), false)
#4 C:\xampp\htdocs\relixapi\public\index.php(37): CodeIgniter\CodeIgniter->run()
#5 {main}
ERROR - 2022-04-03 21:33:33 --> Unknown column 'aprobaciongerenteDetallefichatecnica' in 'where clause'
CRITICAL - 2022-04-03 21:33:33 --> Call to a member function getResult() on bool
#0 C:\xampp\htdocs\relixapi\app\Controllers\API\FichatecnicaController.php(29): App\Models\FichatecnicaModel->obtenerFichasAprobadas()
#1 C:\xampp\htdocs\relixapi\system\CodeIgniter.php(824): App\Controllers\API\FichatecnicaController->listarFichatecnicaBackOffice()
#2 C:\xampp\htdocs\relixapi\system\CodeIgniter.php(410): CodeIgniter\CodeIgniter->runController(Object(App\Controllers\API\FichatecnicaController))
#3 C:\xampp\htdocs\relixapi\system\CodeIgniter.php(318): CodeIgniter\CodeIgniter->handleRequest(NULL, Object(Config\Cache), false)
#4 C:\xampp\htdocs\relixapi\public\index.php(37): CodeIgniter\CodeIgniter->run()
#5 {main}
ERROR - 2022-04-03 21:34:17 --> Unknown column 'aprobaciongerenteDetallefichatecnica' in 'where clause'
CRITICAL - 2022-04-03 21:34:17 --> Call to a member function getResult() on bool
#0 C:\xampp\htdocs\relixapi\app\Controllers\API\FichatecnicaController.php(29): App\Models\FichatecnicaModel->obtenerFichasAprobadas()
#1 C:\xampp\htdocs\relixapi\system\CodeIgniter.php(824): App\Controllers\API\FichatecnicaController->listarFichatecnicaBackOffice()
#2 C:\xampp\htdocs\relixapi\system\CodeIgniter.php(410): CodeIgniter\CodeIgniter->runController(Object(App\Controllers\API\FichatecnicaController))
#3 C:\xampp\htdocs\relixapi\system\CodeIgniter.php(318): CodeIgniter\CodeIgniter->handleRequest(NULL, Object(Config\Cache), false)
#4 C:\xampp\htdocs\relixapi\public\index.php(37): CodeIgniter\CodeIgniter->run()
#5 {main}
ERROR - 2022-04-03 21:34:20 --> Unknown column 'aprobaciongerenteDetallefichatecnica' in 'where clause'
CRITICAL - 2022-04-03 21:34:20 --> Call to a member function getResult() on bool
#0 C:\xampp\htdocs\relixapi\app\Controllers\API\FichatecnicaController.php(29): App\Models\FichatecnicaModel->obtenerFichasAprobadas()
#1 C:\xampp\htdocs\relixapi\system\CodeIgniter.php(824): App\Controllers\API\FichatecnicaController->listarFichatecnicaBackOffice()
#2 C:\xampp\htdocs\relixapi\system\CodeIgniter.php(410): CodeIgniter\CodeIgniter->runController(Object(App\Controllers\API\FichatecnicaController))
#3 C:\xampp\htdocs\relixapi\system\CodeIgniter.php(318): CodeIgniter\CodeIgniter->handleRequest(NULL, Object(Config\Cache), false)
#4 C:\xampp\htdocs\relixapi\public\index.php(37): CodeIgniter\CodeIgniter->run()
#5 {main}
ERROR - 2022-04-03 21:34:39 --> Unknown column 'aprobaciongerenteDetallefichatecnica' in 'where clause'
CRITICAL - 2022-04-03 21:34:39 --> Call to a member function getResult() on bool
#0 C:\xampp\htdocs\relixapi\app\Controllers\API\FichatecnicaController.php(29): App\Models\FichatecnicaModel->obtenerFichasAprobadas()
#1 C:\xampp\htdocs\relixapi\system\CodeIgniter.php(824): App\Controllers\API\FichatecnicaController->listarFichatecnicaBackOffice()
#2 C:\xampp\htdocs\relixapi\system\CodeIgniter.php(410): CodeIgniter\CodeIgniter->runController(Object(App\Controllers\API\FichatecnicaController))
#3 C:\xampp\htdocs\relixapi\system\CodeIgniter.php(318): CodeIgniter\CodeIgniter->handleRequest(NULL, Object(Config\Cache), false)
#4 C:\xampp\htdocs\relixapi\public\index.php(37): CodeIgniter\CodeIgniter->run()
#5 {main}
ERROR - 2022-04-03 21:35:19 --> Unknown column 'aprobaciongerenteDetallefichatecnica' in 'where clause'
CRITICAL - 2022-04-03 21:35:19 --> Call to a member function getResult() on bool
#0 C:\xampp\htdocs\relixapi\app\Controllers\API\FichatecnicaController.php(29): App\Models\FichatecnicaModel->obtenerFichasAprobadas()
#1 C:\xampp\htdocs\relixapi\system\CodeIgniter.php(824): App\Controllers\API\FichatecnicaController->listarFichatecnicaBackOffice()
#2 C:\xampp\htdocs\relixapi\system\CodeIgniter.php(410): CodeIgniter\CodeIgniter->runController(Object(App\Controllers\API\FichatecnicaController))
#3 C:\xampp\htdocs\relixapi\system\CodeIgniter.php(318): CodeIgniter\CodeIgniter->handleRequest(NULL, Object(Config\Cache), false)
#4 C:\xampp\htdocs\relixapi\public\index.php(37): CodeIgniter\CodeIgniter->run()
#5 {main}
ERROR - 2022-04-03 21:36:09 --> Unknown column 'aprobaciongerenteDetallefichatecnica' in 'where clause'
CRITICAL - 2022-04-03 21:36:09 --> Call to a member function getResult() on bool
#0 C:\xampp\htdocs\relixapi\app\Controllers\API\FichatecnicaController.php(29): App\Models\FichatecnicaModel->obtenerFichasAprobadas()
#1 C:\xampp\htdocs\relixapi\system\CodeIgniter.php(824): App\Controllers\API\FichatecnicaController->listarFichatecnicaBackOffice()
#2 C:\xampp\htdocs\relixapi\system\CodeIgniter.php(410): CodeIgniter\CodeIgniter->runController(Object(App\Controllers\API\FichatecnicaController))
#3 C:\xampp\htdocs\relixapi\system\CodeIgniter.php(318): CodeIgniter\CodeIgniter->handleRequest(NULL, Object(Config\Cache), false)
#4 C:\xampp\htdocs\relixapi\public\index.php(37): CodeIgniter\CodeIgniter->run()
#5 {main}
ERROR - 2022-04-03 21:36:52 --> Unknown column 'aprobaciongerenteDetallefichatecnica' in 'where clause'
CRITICAL - 2022-04-03 21:36:52 --> Call to a member function getResult() on bool
#0 C:\xampp\htdocs\relixapi\app\Controllers\API\FichatecnicaController.php(29): App\Models\FichatecnicaModel->obtenerFichasAprobadas()
#1 C:\xampp\htdocs\relixapi\system\CodeIgniter.php(824): App\Controllers\API\FichatecnicaController->listarFichatecnicaBackOffice()
#2 C:\xampp\htdocs\relixapi\system\CodeIgniter.php(410): CodeIgniter\CodeIgniter->runController(Object(App\Controllers\API\FichatecnicaController))
#3 C:\xampp\htdocs\relixapi\system\CodeIgniter.php(318): CodeIgniter\CodeIgniter->handleRequest(NULL, Object(Config\Cache), false)
#4 C:\xampp\htdocs\relixapi\public\index.php(37): CodeIgniter\CodeIgniter->run()
#5 {main}
ERROR - 2022-04-03 21:37:10 --> Unknown column 'aprobaciongerenteDetallefichatecnica' in 'where clause'
CRITICAL - 2022-04-03 21:37:10 --> Call to a member function getResult() on bool
#0 C:\xampp\htdocs\relixapi\app\Controllers\API\FichatecnicaController.php(29): App\Models\FichatecnicaModel->obtenerFichasAprobadas()
#1 C:\xampp\htdocs\relixapi\system\CodeIgniter.php(824): App\Controllers\API\FichatecnicaController->listarFichatecnicaBackOffice()
#2 C:\xampp\htdocs\relixapi\system\CodeIgniter.php(410): CodeIgniter\CodeIgniter->runController(Object(App\Controllers\API\FichatecnicaController))
#3 C:\xampp\htdocs\relixapi\system\CodeIgniter.php(318): CodeIgniter\CodeIgniter->handleRequest(NULL, Object(Config\Cache), false)
#4 C:\xampp\htdocs\relixapi\public\index.php(37): CodeIgniter\CodeIgniter->run()
#5 {main}
ERROR - 2022-04-03 21:37:32 --> Unknown column 'aprobaciongerenteDetallefichatecnica' in 'where clause'
CRITICAL - 2022-04-03 21:37:32 --> Call to a member function getResult() on bool
#0 C:\xampp\htdocs\relixapi\app\Controllers\API\FichatecnicaController.php(29): App\Models\FichatecnicaModel->obtenerFichasAprobadas()
#1 C:\xampp\htdocs\relixapi\system\CodeIgniter.php(824): App\Controllers\API\FichatecnicaController->listarFichatecnicaBackOffice()
#2 C:\xampp\htdocs\relixapi\system\CodeIgniter.php(410): CodeIgniter\CodeIgniter->runController(Object(App\Controllers\API\FichatecnicaController))
#3 C:\xampp\htdocs\relixapi\system\CodeIgniter.php(318): CodeIgniter\CodeIgniter->handleRequest(NULL, Object(Config\Cache), false)
#4 C:\xampp\htdocs\relixapi\public\index.php(37): CodeIgniter\CodeIgniter->run()
#5 {main}
ERROR - 2022-04-03 21:37:35 --> Unknown column 'aprobaciongerenteDetallefichatecnica' in 'where clause'
CRITICAL - 2022-04-03 21:37:35 --> Call to a member function getResult() on bool
#0 C:\xampp\htdocs\relixapi\app\Controllers\API\FichatecnicaController.php(29): App\Models\FichatecnicaModel->obtenerFichasAprobadas()
#1 C:\xampp\htdocs\relixapi\system\CodeIgniter.php(824): App\Controllers\API\FichatecnicaController->listarFichatecnicaBackOffice()
#2 C:\xampp\htdocs\relixapi\system\CodeIgniter.php(410): CodeIgniter\CodeIgniter->runController(Object(App\Controllers\API\FichatecnicaController))
#3 C:\xampp\htdocs\relixapi\system\CodeIgniter.php(318): CodeIgniter\CodeIgniter->handleRequest(NULL, Object(Config\Cache), false)
#4 C:\xampp\htdocs\relixapi\public\index.php(37): CodeIgniter\CodeIgniter->run()
#5 {main}
ERROR - 2022-04-03 21:38:23 --> Unknown column 'aprobaciongerenteDetallefichatecnica' in 'where clause'
CRITICAL - 2022-04-03 21:38:23 --> Call to a member function getResult() on bool
#0 C:\xampp\htdocs\relixapi\app\Controllers\API\FichatecnicaController.php(29): App\Models\FichatecnicaModel->obtenerFichasAprobadas()
#1 C:\xampp\htdocs\relixapi\system\CodeIgniter.php(824): App\Controllers\API\FichatecnicaController->listarFichatecnicaBackOffice()
#2 C:\xampp\htdocs\relixapi\system\CodeIgniter.php(410): CodeIgniter\CodeIgniter->runController(Object(App\Controllers\API\FichatecnicaController))
#3 C:\xampp\htdocs\relixapi\system\CodeIgniter.php(318): CodeIgniter\CodeIgniter->handleRequest(NULL, Object(Config\Cache), false)
#4 C:\xampp\htdocs\relixapi\public\index.php(37): CodeIgniter\CodeIgniter->run()
#5 {main}
ERROR - 2022-04-03 21:40:02 --> Unknown column 'aprobaciongerenteDetallefichatecnica' in 'where clause'
CRITICAL - 2022-04-03 21:40:02 --> Call to a member function getResult() on bool
#0 C:\xampp\htdocs\relixapi\app\Controllers\API\FichatecnicaController.php(29): App\Models\FichatecnicaModel->obtenerFichasAprobadas()
#1 C:\xampp\htdocs\relixapi\system\CodeIgniter.php(824): App\Controllers\API\FichatecnicaController->listarFichatecnicaBackOffice()
#2 C:\xampp\htdocs\relixapi\system\CodeIgniter.php(410): CodeIgniter\CodeIgniter->runController(Object(App\Controllers\API\FichatecnicaController))
#3 C:\xampp\htdocs\relixapi\system\CodeIgniter.php(318): CodeIgniter\CodeIgniter->handleRequest(NULL, Object(Config\Cache), false)
#4 C:\xampp\htdocs\relixapi\public\index.php(37): CodeIgniter\CodeIgniter->run()
#5 {main}
ERROR - 2022-04-03 21:44:34 --> Unknown column 'aprobaciongerenteDetallefichatecnica' in 'where clause'
CRITICAL - 2022-04-03 21:44:34 --> Call to a member function getResult() on bool
#0 C:\xampp\htdocs\relixapi\app\Controllers\API\FichatecnicaController.php(29): App\Models\FichatecnicaModel->obtenerFichasAprobadas()
#1 C:\xampp\htdocs\relixapi\system\CodeIgniter.php(824): App\Controllers\API\FichatecnicaController->listarFichatecnicaBackOffice()
#2 C:\xampp\htdocs\relixapi\system\CodeIgniter.php(410): CodeIgniter\CodeIgniter->runController(Object(App\Controllers\API\FichatecnicaController))
#3 C:\xampp\htdocs\relixapi\system\CodeIgniter.php(318): CodeIgniter\CodeIgniter->handleRequest(NULL, Object(Config\Cache), false)
#4 C:\xampp\htdocs\relixapi\public\index.php(37): CodeIgniter\CodeIgniter->run()
#5 {main}
